#
# There is insufficient memory for the Java Runtime Environment to continue.
# Native memory allocation (malloc) failed to allocate 347696 bytes for Chunk::new
# Possible reasons:
#   The system is out of physical RAM or swap space
#   The process is running with CompressedOops enabled, and the Java Heap may be blocking the growth of the native heap
# Possible solutions:
#   Reduce memory load on the system
#   Increase physical memory or swap space
#   Check if swap backing store is full
#   Decrease Java heap size (-Xmx/-Xms)
#   Decrease number of Java threads
#   Decrease Java thread stack sizes (-Xss)
#   Set larger code cache with -XX:ReservedCodeCacheSize=
#   JVM is running with Unscaled Compressed Oops mode in which the Java heap is
#     placed in the first 4GB address space. The Java Heap base address is the
#     maximum limit for the native heap growth. Please use -XX:HeapBaseMinAddress
#     to set the Java Heap base and to place the Java Heap above 4GB virtual address.
# This output file may be truncated or incomplete.
#
#  Out of Memory Error (allocation.cpp:389), pid=7628, tid=0x000000000000263c
#
# JRE version: OpenJDK Runtime Environment (8.0_242-b01) (build 1.8.0_242-release-1644-b01)
# Java VM: OpenJDK 64-Bit Server VM (25.242-b01 mixed mode windows-amd64 compressed oops)
# Failed to write core dump. Minidumps are not enabled by default on client versions of Windows
#

---------------  T H R E A D  ---------------

Current thread (0x0000000019c66000):  JavaThread "C2 CompilerThread2" daemon [_thread_in_native, id=9788, stack(0x000000001a640000,0x000000001a740000)]

Stack: [0x000000001a640000,0x000000001a740000]
[error occurred during error reporting (printing stack bounds), id 0xc0000005]

Native frames: (J=compiled Java code, j=interpreted, Vv=VM code, C=native code)


Current CompileTask:
C2: 214993 8421       4       org.gradle.internal.logging.sink.OutputEventRenderer$LazyListener::onOutput (95 bytes)


---------------  P R O C E S S  ---------------

Java Threads: ( => current thread )
  0x0000000025328000 JavaThread "Cache worker for cache directory md-rule (C:\Users\Arnold\.gradle\caches\6.1.1\md-rule)" [_thread_blocked, id=23108, stack(0x0000000022d20000,0x0000000022e20000)]
  0x0000000025329800 JavaThread "Cache worker for cache directory md-supplier (C:\Users\Arnold\.gradle\caches\6.1.1\md-supplier)" [_thread_blocked, id=23492, stack(0x0000000021bd0000,0x0000000021cd0000)]
  0x0000000025320000 JavaThread "Cache worker for file hash cache (E:\NewsApp\EpidemicNewsApp\.gradle\6.1.1\fileHashes)" [_thread_blocked, id=23448, stack(0x0000000021ad0000,0x0000000021bd0000)]
  0x0000000025326800 JavaThread "Cache worker for checksums cache (E:\NewsApp\EpidemicNewsApp\.gradle\checksums)" [_thread_blocked, id=21704, stack(0x000000001f130000,0x000000001f230000)]
  0x000000002531f000 JavaThread "Thread-43" [_thread_blocked, id=23096, stack(0x000000001f030000,0x000000001f130000)]
  0x0000000025325000 JavaThread "Stdin handler" [_thread_blocked, id=23052, stack(0x000000001ef30000,0x000000001f030000)]
  0x0000000025323000 JavaThread "Asynchronous log dispatcher for DefaultDaemonConnection: socket connection from /127.0.0.1:2143 to /127.0.0.1:2407" [_thread_blocked, id=23304, stack(0x000000001ee30000,0x000000001ef30000)]
  0x0000000025322000 JavaThread "Daemon worker Thread 2" [_thread_blocked, id=23328, stack(0x000000001e930000,0x000000001ea30000)]
  0x0000000025321800 JavaThread "Cancel handler" [_thread_blocked, id=23012, stack(0x0000000000e50000,0x0000000000f50000)]
  0x0000000025323800 JavaThread "Handler for socket connection from /127.0.0.1:2143 to /127.0.0.1:2407" [_thread_in_native, id=23128, stack(0x0000000000d10000,0x0000000000e10000)]
  0x0000000025320800 JavaThread "Daemon Thread 2" [_thread_blocked, id=23496, stack(0x0000000000c10000,0x0000000000d10000)]
  0x000000001dc25000 JavaThread "Cache worker for file content cache (C:\Users\Arnold\.gradle\caches\6.1.1\fileContent)" [_thread_blocked, id=22460, stack(0x0000000027930000,0x0000000027a30000)]
  0x000000001dc1d800 JavaThread "Memory manager" [_thread_blocked, id=18356, stack(0x0000000026000000,0x0000000026100000)]
  0x000000001d78b000 JavaThread "Cache worker for execution history cache (C:\Users\Arnold\.gradle\caches\6.1.1\executionHistory)" [_thread_blocked, id=6044, stack(0x0000000023020000,0x0000000023120000)]
  0x000000001d787000 JavaThread "Cache worker for file hash cache (C:\Users\Arnold\.gradle\caches\6.1.1\fileHashes)" [_thread_blocked, id=8008, stack(0x000000001f630000,0x000000001f730000)]
  0x000000001d78b800 JavaThread "File lock request listener" [_thread_in_native, id=6420, stack(0x000000001f530000,0x000000001f630000)]
  0x000000001b8ae000 JavaThread "Cache worker for journal cache (C:\Users\Arnold\.gradle\caches\journal-1)" [_thread_blocked, id=1680, stack(0x000000001f430000,0x000000001f530000)]
  0x000000001d6c0000 JavaThread "Daemon periodic checks" [_thread_blocked, id=17864, stack(0x000000001e830000,0x000000001e930000)]
  0x000000001d6bd800 JavaThread "Incoming local TCP Connector on port 2143" [_thread_in_native, id=20396, stack(0x000000001e680000,0x000000001e780000)]
  0x000000001ab29800 JavaThread "Daemon health stats" [_thread_blocked, id=9596, stack(0x000000001e560000,0x000000001e660000)]
  0x0000000019d03800 JavaThread "Service Thread" daemon [_thread_blocked, id=21528, stack(0x000000001a840000,0x000000001a940000)]
  0x0000000019c74000 JavaThread "C1 CompilerThread3" daemon [_thread_blocked, id=12984, stack(0x000000001a740000,0x000000001a840000)]
=>0x0000000019c66000 JavaThread "C2 CompilerThread2" daemon [_thread_in_native, id=9788, stack(0x000000001a640000,0x000000001a740000)]
  0x0000000019c0b800 JavaThread "C2 CompilerThread1" daemon [_thread_in_native, id=18512, stack(0x000000001a540000,0x000000001a640000)]
  0x0000000019c09000 JavaThread "C2 CompilerThread0" daemon [_thread_in_native, id=6916, stack(0x000000001a440000,0x000000001a540000)]
  0x0000000019c63800 JavaThread "Attach Listener" daemon [_thread_blocked, id=21692, stack(0x000000001a340000,0x000000001a440000)]
  0x0000000019c62000 JavaThread "Signal Dispatcher" daemon [_thread_blocked, id=22064, stack(0x000000001a240000,0x000000001a340000)]
  0x0000000019bf0800 JavaThread "Finalizer" daemon [_thread_blocked, id=22072, stack(0x000000001a0d0000,0x000000001a1d0000)]
  0x0000000017deb800 JavaThread "Reference Handler" daemon [_thread_blocked, id=22068, stack(0x0000000019fd0000,0x000000001a0d0000)]
  0x0000000002c43800 JavaThread "main" [_thread_blocked, id=22056, stack(0x0000000002b40000,0x0000000002c40000)]

Other Threads:
  0x0000000017de7000 VMThread [stack: 0x0000000019ad0000,0x0000000019bd0000] [id=21712]
  0x0000000019d05800 WatcherThread [stack: 0x000000001a940000,0x000000001aa40000] [id=8624]

VM state:at safepoint (normal execution)

VM Mutex/Monitor currently owned by a thread:  ([mutex/lock_event])
[0x0000000002c40cd0] Threads_lock - owner thread: 0x0000000017de7000
[0x0000000002c40ad0] Heap_lock - owner thread: 0x0000000019c74000
[0x0000000002c42460] MethodData_lock - owner thread: 0x0000000019c74000

heap address: 0x0000000080000000, size: 2048 MB, Compressed Oops mode: 32-bit
Narrow klass base: 0x0000000000000000, Narrow klass shift: 3
Compressed class space size: 1073741824 Address: 0x0000000100000000

Heap:
 PSYoungGen      total 173568K, used 18613K [0x00000000d5580000, 0x00000000e1980000, 0x0000000100000000)
  eden space 154624K, 0% used [0x00000000d5580000,0x00000000d5580000,0x00000000dec80000)
  from space 18944K, 98% used [0x00000000df100000,0x00000000e032d740,0x00000000e0380000)
  to   space 22528K, 0% used [0x00000000e0380000,0x00000000e0380000,0x00000000e1980000)
 ParOldGen       total 152576K, used 32221K [0x0000000080000000, 0x0000000089500000, 0x00000000d5580000)
  object space 152576K, 21% used [0x0000000080000000,0x0000000081f77560,0x0000000089500000)
 Metaspace       used 68409K, capacity 72072K, committed 72216K, reserved 1116160K
  class space    used 9252K, capacity 9977K, committed 10032K, reserved 1048576K

Card table byte_map: [0x0000000012110000,0x0000000012520000] byte_map_base: 0x0000000011d10000

Marking Bits: (ParMarkBitMap*) 0x0000000056f2f030
 Begin Bits: [0x0000000012fd0000, 0x0000000014fd0000)
 End Bits:   [0x0000000014fd0000, 0x0000000016fd0000)

Polling page: 0x0000000000f90000

CodeCache: size=245760Kb used=23164Kb max_used=23164Kb free=222595Kb
 bounds [0x0000000002d50000, 0x0000000004450000, 0x0000000011d50000]
 total_blobs=8155 nmethods=7358 adapters=709
 compilation: enabled

Compilation events (10 events):
Event: 214.808 Thread 0x0000000019c74000 8444       3       org.gradle.internal.io.StreamByteBuffer::prepareRead (102 bytes)
Event: 214.809 Thread 0x0000000019c74000 nmethod 8444 0x0000000002e67990 code [0x0000000002e67b60, 0x0000000002e68358]
Event: 214.810 Thread 0x0000000019c09000 nmethod 8443 0x00000000040a4750 code [0x00000000040a48a0, 0x00000000040a4c88]
Event: 214.811 Thread 0x0000000019c74000 8445       3       java.util.Hashtable$Enumerator::hasNext (5 bytes)
Event: 214.811 Thread 0x0000000019c74000 nmethod 8445 0x0000000003e61c90 code [0x0000000003e61e00, 0x0000000003e61fa8]
Event: 214.811 Thread 0x0000000019c74000 8446       3       java.util.Hashtable$Enumerator::next (27 bytes)
Event: 214.811 Thread 0x0000000019c74000 nmethod 8446 0x000000000375be10 code [0x000000000375bfa0, 0x000000000375c238]
Event: 214.812 Thread 0x0000000019c74000 8447       1       org.gradle.cache.PersistentIndexedCacheParameters::getCacheName (5 bytes)
Event: 214.812 Thread 0x0000000019c74000 nmethod 8447 0x00000000038a0510 code [0x00000000038a0660, 0x00000000038a0770]
Event: 214.813 Thread 0x0000000019c0b800 8448       4       org.gradle.internal.service.DefaultServiceRegistry$ParentServices::getService (11 bytes)

GC Heap History (10 events):
Event: 11.590 GC heap before
{Heap before GC invocations=13 (full 2):
 PSYoungGen      total 127488K, used 127420K [0x00000000d5580000, 0x00000000de100000, 0x0000000100000000)
  eden space 116224K, 100% used [0x00000000d5580000,0x00000000dc700000,0x00000000dc700000)
  from space 11264K, 99% used [0x00000000dd600000,0x00000000de0ef0b0,0x00000000de100000)
  to   space 12800K, 0% used [0x00000000dc800000,0x00000000dc800000,0x00000000dd480000)
 ParOldGen       total 100352K, used 15691K [0x0000000080000000, 0x0000000086200000, 0x00000000d5580000)
  object space 100352K, 15% used [0x0000000080000000,0x0000000080f52d40,0x0000000086200000)
 Metaspace       used 50813K, capacity 52628K, committed 52912K, reserved 1095680K
  class space    used 6875K, capacity 7315K, committed 7344K, reserved 1048576K
Event: 11.602 GC heap after
Heap after GC invocations=13 (full 2):
 PSYoungGen      total 130048K, used 12779K [0x00000000d5580000, 0x00000000e0100000, 0x0000000100000000)
  eden space 117248K, 0% used [0x00000000d5580000,0x00000000d5580000,0x00000000dc800000)
  from space 12800K, 99% used [0x00000000dc800000,0x00000000dd47ad70,0x00000000dd480000)
  to   space 16384K, 0% used [0x00000000df100000,0x00000000df100000,0x00000000e0100000)
 ParOldGen       total 100352K, used 21356K [0x0000000080000000, 0x0000000086200000, 0x00000000d5580000)
  object space 100352K, 21% used [0x0000000080000000,0x00000000814db088,0x0000000086200000)
 Metaspace       used 50813K, capacity 52628K, committed 52912K, reserved 1095680K
  class space    used 6875K, capacity 7315K, committed 7344K, reserved 1048576K
}
Event: 12.973 GC heap before
{Heap before GC invocations=14 (full 2):
 PSYoungGen      total 130048K, used 86093K [0x00000000d5580000, 0x00000000e0100000, 0x0000000100000000)
  eden space 117248K, 62% used [0x00000000d5580000,0x00000000d9d18858,0x00000000dc800000)
  from space 12800K, 99% used [0x00000000dc800000,0x00000000dd47ad70,0x00000000dd480000)
  to   space 16384K, 0% used [0x00000000df100000,0x00000000df100000,0x00000000e0100000)
 ParOldGen       total 100352K, used 21356K [0x0000000080000000, 0x0000000086200000, 0x00000000d5580000)
  object space 100352K, 21% used [0x0000000080000000,0x00000000814db088,0x0000000086200000)
 Metaspace       used 56844K, capacity 58932K, committed 59160K, reserved 1099776K
  class space    used 7762K, capacity 8229K, committed 8240K, reserved 1048576K
Event: 12.988 GC heap after
Heap after GC invocations=14 (full 2):
 PSYoungGen      total 156160K, used 16359K [0x00000000d5580000, 0x00000000e0880000, 0x0000000100000000)
  eden space 139776K, 0% used [0x00000000d5580000,0x00000000d5580000,0x00000000dde00000)
  from space 16384K, 99% used [0x00000000df100000,0x00000000e00f9ce0,0x00000000e0100000)
  to   space 19456K, 0% used [0x00000000dde00000,0x00000000dde00000,0x00000000df100000)
 ParOldGen       total 100352K, used 24932K [0x0000000080000000, 0x0000000086200000, 0x00000000d5580000)
  object space 100352K, 24% used [0x0000000080000000,0x0000000081859240,0x0000000086200000)
 Metaspace       used 56844K, capacity 58932K, committed 59160K, reserved 1099776K
  class space    used 7762K, capacity 8229K, committed 8240K, reserved 1048576K
}
Event: 12.988 GC heap before
{Heap before GC invocations=15 (full 3):
 PSYoungGen      total 156160K, used 16359K [0x00000000d5580000, 0x00000000e0880000, 0x0000000100000000)
  eden space 139776K, 0% used [0x00000000d5580000,0x00000000d5580000,0x00000000dde00000)
  from space 16384K, 99% used [0x00000000df100000,0x00000000e00f9ce0,0x00000000e0100000)
  to   space 19456K, 0% used [0x00000000dde00000,0x00000000dde00000,0x00000000df100000)
 ParOldGen       total 100352K, used 24932K [0x0000000080000000, 0x0000000086200000, 0x00000000d5580000)
  object space 100352K, 24% used [0x0000000080000000,0x0000000081859240,0x0000000086200000)
 Metaspace       used 56844K, capacity 58932K, committed 59160K, reserved 1099776K
  class space    used 7762K, capacity 8229K, committed 8240K, reserved 1048576K
Event: 13.186 GC heap after
Heap after GC invocations=15 (full 3):
 PSYoungGen      total 156160K, used 0K [0x00000000d5580000, 0x00000000e0880000, 0x0000000100000000)
  eden space 139776K, 0% used [0x00000000d5580000,0x00000000d5580000,0x00000000dde00000)
  from space 16384K, 0% used [0x00000000df100000,0x00000000df100000,0x00000000e0100000)
  to   space 19456K, 0% used [0x00000000dde00000,0x00000000dde00000,0x00000000df100000)
 ParOldGen       total 152576K, used 32197K [0x0000000080000000, 0x0000000089500000, 0x00000000d5580000)
  object space 152576K, 21% used [0x0000000080000000,0x0000000081f71560,0x0000000089500000)
 Metaspace       used 56811K, capacity 58818K, committed 59160K, reserved 1099776K
  class space    used 7752K, capacity 8210K, committed 8240K, reserved 1048576K
}
Event: 16.473 GC heap before
{Heap before GC invocations=16 (full 3):
 PSYoungGen      total 156160K, used 139776K [0x00000000d5580000, 0x00000000e0880000, 0x0000000100000000)
  eden space 139776K, 100% used [0x00000000d5580000,0x00000000dde00000,0x00000000dde00000)
  from space 16384K, 0% used [0x00000000df100000,0x00000000df100000,0x00000000e0100000)
  to   space 19456K, 0% used [0x00000000dde00000,0x00000000dde00000,0x00000000df100000)
 ParOldGen       total 152576K, used 32197K [0x0000000080000000, 0x0000000089500000, 0x00000000d5580000)
  object space 152576K, 21% used [0x0000000080000000,0x0000000081f71560,0x0000000089500000)
 Metaspace       used 62055K, capacity 65422K, committed 65560K, reserved 1105920K
  class space    used 8553K, capacity 9228K, committed 9264K, reserved 1048576K
Event: 16.483 GC heap after
Heap after GC invocations=16 (full 3):
 PSYoungGen      total 159232K, used 11837K [0x00000000d5580000, 0x00000000e1a80000, 0x0000000100000000)
  eden space 139776K, 0% used [0x00000000d5580000,0x00000000d5580000,0x00000000dde00000)
  from space 19456K, 60% used [0x00000000dde00000,0x00000000de98f5e0,0x00000000df100000)
  to   space 19456K, 0% used [0x00000000e0780000,0x00000000e0780000,0x00000000e1a80000)
 ParOldGen       total 152576K, used 32205K [0x0000000080000000, 0x0000000089500000, 0x00000000d5580000)
  object space 152576K, 21% used [0x0000000080000000,0x0000000081f73560,0x0000000089500000)
 Metaspace       used 62055K, capacity 65422K, committed 65560K, reserved 1105920K
  class space    used 8553K, capacity 9228K, committed 9264K, reserved 1048576K
}
Event: 30.102 GC heap before
{Heap before GC invocations=17 (full 3):
 PSYoungGen      total 159232K, used 151613K [0x00000000d5580000, 0x00000000e1a80000, 0x0000000100000000)
  eden space 139776K, 100% used [0x00000000d5580000,0x00000000dde00000,0x00000000dde00000)
  from space 19456K, 60% used [0x00000000dde00000,0x00000000de98f5e0,0x00000000df100000)
  to   space 19456K, 0% used [0x00000000e0780000,0x00000000e0780000,0x00000000e1a80000)
 ParOldGen       total 152576K, used 32205K [0x0000000080000000, 0x0000000089500000, 0x00000000d5580000)
  object space 152576K, 21% used [0x0000000080000000,0x0000000081f73560,0x0000000089500000)
 Metaspace       used 65678K, capacity 69348K, committed 69528K, reserved 1110016K
  class space    used 9079K, capacity 9805K, committed 9904K, reserved 1048576K
Event: 30.115 GC heap after
Heap after GC invocations=17 (full 3):
 PSYoungGen      total 178176K, used 16959K [0x00000000d5580000, 0x00000000e1a00000, 0x0000000100000000)
  eden space 159232K, 0% used [0x00000000d5580000,0x00000000d5580000,0x00000000df100000)
  from space 18944K, 89% used [0x00000000e0780000,0x00000000e180fec0,0x00000000e1a00000)
  to   space 20992K, 0% used [0x00000000df100000,0x00000000df100000,0x00000000e0580000)
 ParOldGen       total 152576K, used 32213K [0x0000000080000000, 0x0000000089500000, 0x00000000d5580000)
  object space 152576K, 21% used [0x0000000080000000,0x0000000081f75560,0x0000000089500000)
 Metaspace       used 65678K, capacity 69348K, committed 69528K, reserved 1110016K
  class space    used 9079K, capacity 9805K, committed 9904K, reserved 1048576K
}

Deoptimization events (10 events):
Event: 30.115 Thread 0x0000000017deb800 Uncommon trap: reason=unstable_if action=reinterpret pc=0x0000000003293d78 method=java.lang.ref.Reference.tryHandlePending(Z)Z @ 20
Event: 30.150 Thread 0x000000001d714000 Uncommon trap: reason=unstable_if action=reinterpret pc=0x00000000033e6f48 method=com.esotericsoftware.kryo.io.Output.writeBytes([BII)V @ 61
Event: 30.150 Thread 0x000000001d714000 Uncommon trap: reason=unstable_if action=reinterpret pc=0x0000000003c6bbfc method=com.esotericsoftware.kryo.io.Output.writeBytes([BII)V @ 61
Event: 30.156 Thread 0x000000001d71f000 Uncommon trap: reason=unstable_if action=reinterpret pc=0x000000000437d044 method=com.esotericsoftware.kryo.io.Input.require(I)I @ 180
Event: 64.035 Thread 0x000000001d6c0000 Uncommon trap: reason=bimorphic action=maybe_recompile pc=0x0000000004119e10 method=java.util.HashMap.removeNode(ILjava/lang/Object;Ljava/lang/Object;ZZ)Ljava/util/HashMap$Node; @ 283
Event: 64.036 Thread 0x000000001d6c0000 Uncommon trap: reason=bimorphic action=maybe_recompile pc=0x0000000004119e10 method=java.util.HashMap.removeNode(ILjava/lang/Object;Ljava/lang/Object;ZZ)Ljava/util/HashMap$Node; @ 283
Event: 64.039 Thread 0x000000001d6c0000 Uncommon trap: reason=bimorphic action=maybe_recompile pc=0x000000000403b628 method=java.util.HashMap.removeNode(ILjava/lang/Object;Ljava/lang/Object;ZZ)Ljava/util/HashMap$Node; @ 283
Event: 214.778 Thread 0x0000000025323800 Uncommon trap: reason=class_check action=maybe_recompile pc=0x000000000431eca0 method=java.lang.reflect.Array.newInstance(Ljava/lang/Class;I)Ljava/lang/Object; @ 2
Event: 214.807 Thread 0x0000000025322000 Uncommon trap: reason=unstable_if action=reinterpret pc=0x0000000003a61738 method=org.gradle.internal.logging.sink.OutputEventTransformer.onOutput(Lorg/gradle/internal/logging/events/OutputEvent;)V @ 84
Event: 214.807 Thread 0x0000000025322000 Uncommon trap: reason=unstable_if action=reinterpret pc=0x000000000431e0a4 method=org.gradle.internal.io.StreamByteBuffer.prepareRead()I @ 30

Classes redefined (0 events):
No events

Internal exceptions (10 events):
Event: 24.525 Thread 0x000000001d7e0000 Exception <a 'sun/nio/fs/WindowsException'> (0x00000000d7db5768) thrown at [C:\src\AOSP-openjdk-git\hotspot\src\share\vm\prims\jni.cpp, line 710]
Event: 28.706 Thread 0x000000001dc28000 Exception <a 'java/io/FileNotFoundException'> (0x00000000daeb1fd8) thrown at [C:\src\AOSP-openjdk-git\hotspot\src\share\vm\prims\jni.cpp, line 710]
Event: 29.911 Thread 0x000000001d7e0000 Exception <a 'sun/nio/fs/WindowsException'> (0x00000000dd779f10) thrown at [C:\src\AOSP-openjdk-git\hotspot\src\share\vm\prims\jni.cpp, line 710]
Event: 30.052 Thread 0x000000001d7e0000 Implicit null exception at 0x0000000003fb2814 to 0x0000000003fb42c5
Event: 30.137 Thread 0x000000001d714000 Exception <a 'java/lang/NoSuchMethodError': <clinit>> (0x00000000d5faded8) thrown at [C:\src\AOSP-openjdk-git\hotspot\src\share\vm\prims\jni.cpp, line 1615]
Event: 30.138 Thread 0x000000001d714000 Exception <a 'java/lang/NoSuchMethodError': <clinit>> (0x00000000d5fb9488) thrown at [C:\src\AOSP-openjdk-git\hotspot\src\share\vm\prims\jni.cpp, line 1615]
Event: 30.139 Thread 0x000000001d714000 Exception <a 'java/lang/NoSuchMethodError': <clinit>> (0x00000000d5fc6648) thrown at [C:\src\AOSP-openjdk-git\hotspot\src\share\vm\prims\jni.cpp, line 1615]
Event: 30.140 Thread 0x000000001d714000 Exception <a 'java/lang/NoSuchMethodError': <clinit>> (0x00000000d5fe02a8) thrown at [C:\src\AOSP-openjdk-git\hotspot\src\share\vm\prims\jni.cpp, line 1615]
Event: 30.142 Thread 0x000000001d714000 Exception <a 'java/lang/NoSuchMethodError': <clinit>> (0x00000000d5ff0f30) thrown at [C:\src\AOSP-openjdk-git\hotspot\src\share\vm\prims\jni.cpp, line 1615]
Event: 214.807 Thread 0x0000000025322000 Implicit null exception at 0x0000000003a5e525 to 0x0000000003a61725

Events (10 events):
Event: 214.807 Executing VM operation: RevokeBias
Event: 214.807 Executing VM operation: RevokeBias done
Event: 214.807 Executing VM operation: RevokeBias
Event: 214.807 Executing VM operation: RevokeBias done
Event: 214.808 Executing VM operation: RevokeBias
Event: 214.808 Executing VM operation: RevokeBias done
Event: 214.808 Executing VM operation: RevokeBias
Event: 214.808 Executing VM operation: RevokeBias done
Event: 214.814 Thread 0x0000000025329800 Thread added: 0x0000000025329800
Event: 214.820 Thread 0x0000000025328000 Thread added: 0x0000000025328000


Dynamic libraries:
0x00007ff695e50000 - 0x00007ff695e81000 	E:\Program Files\Android\Android Studio\jre\bin\java.exe
0x00007ffde1500000 - 0x00007ffde16f0000 	C:\WINDOWS\SYSTEM32\ntdll.dll
0x00007ffddfb30000 - 0x00007ffddfbe2000 	C:\WINDOWS\System32\KERNEL32.DLL
0x00007ffddedb0000 - 0x00007ffddf054000 	C:\WINDOWS\System32\KERNELBASE.dll
0x00007ffddf720000 - 0x00007ffddf7c3000 	C:\WINDOWS\System32\ADVAPI32.dll
0x00007ffde0d60000 - 0x00007ffde0dfe000 	C:\WINDOWS\System32\msvcrt.dll
0x00007ffddf680000 - 0x00007ffddf717000 	C:\WINDOWS\System32\sechost.dll
0x00007ffde0c40000 - 0x00007ffde0d60000 	C:\WINDOWS\System32\RPCRT4.dll
0x00007ffde0200000 - 0x00007ffde0395000 	C:\WINDOWS\System32\USER32.dll
0x00007ffddf580000 - 0x00007ffddf5a1000 	C:\WINDOWS\System32\win32u.dll
0x00007ffddfb00000 - 0x00007ffddfb26000 	C:\WINDOWS\System32\GDI32.dll
0x00007ffdde480000 - 0x00007ffdde616000 	C:\WINDOWS\System32\gdi32full.dll
0x00007ffddf380000 - 0x00007ffddf41e000 	C:\WINDOWS\System32\msvcp_win.dll
0x00007ffddf060000 - 0x00007ffddf15a000 	C:\WINDOWS\System32\ucrtbase.dll
0x00007ffdd0ea0000 - 0x00007ffdd1124000 	C:\WINDOWS\WinSxS\amd64_microsoft.windows.common-controls_6595b64144ccf1df_6.0.18362.1016_none_9e7a36bbe461dae4\COMCTL32.dll
0x00007ffde1170000 - 0x00007ffde14a5000 	C:\WINDOWS\System32\combase.dll
0x00007ffddf500000 - 0x00007ffddf580000 	C:\WINDOWS\System32\bcryptPrimitives.dll
0x00007ffde0ba0000 - 0x00007ffde0bce000 	C:\WINDOWS\System32\IMM32.DLL
0x0000000059410000 - 0x00000000594e2000 	E:\Program Files\Android\Android Studio\jre\jre\bin\msvcr100.dll
0x0000000056760000 - 0x0000000056fab000 	E:\Program Files\Android\Android Studio\jre\jre\bin\server\jvm.dll
0x00007ffde14b0000 - 0x00007ffde14b8000 	C:\WINDOWS\System32\PSAPI.DLL
0x00007ffdd55b0000 - 0x00007ffdd55d4000 	C:\WINDOWS\SYSTEM32\WINMM.dll
0x00007ffd9e3f0000 - 0x00007ffd9e3f9000 	C:\WINDOWS\SYSTEM32\WSOCK32.dll
0x00007ffdd7ea0000 - 0x00007ffdd7eaa000 	C:\WINDOWS\SYSTEM32\VERSION.dll
0x00007ffde0bd0000 - 0x00007ffde0c3f000 	C:\WINDOWS\System32\WS2_32.dll
0x00007ffdd5580000 - 0x00007ffdd55ad000 	C:\WINDOWS\SYSTEM32\WINMMBASE.dll
0x00007ffddf160000 - 0x00007ffddf1aa000 	C:\WINDOWS\System32\cfgmgr32.dll
0x00007ffd80280000 - 0x00007ffd8028f000 	E:\Program Files\Android\Android Studio\jre\jre\bin\verify.dll
0x00007ffd7e8e0000 - 0x00007ffd7e909000 	E:\Program Files\Android\Android Studio\jre\jre\bin\java.dll
0x00007ffd7e8c0000 - 0x00007ffd7e8d6000 	E:\Program Files\Android\Android Studio\jre\jre\bin\zip.dll
0x00007ffde03a0000 - 0x00007ffde0a87000 	C:\WINDOWS\System32\SHELL32.dll
0x00007ffddfce0000 - 0x00007ffddfd89000 	C:\WINDOWS\System32\shcore.dll
0x00007ffdde620000 - 0x00007ffddeda2000 	C:\WINDOWS\System32\windows.storage.dll
0x00007ffdde3c0000 - 0x00007ffdde3e3000 	C:\WINDOWS\System32\profapi.dll
0x00007ffdde3f0000 - 0x00007ffdde43a000 	C:\WINDOWS\System32\powrprof.dll
0x00007ffdde3b0000 - 0x00007ffdde3c0000 	C:\WINDOWS\System32\UMPDC.dll
0x00007ffde0fb0000 - 0x00007ffde1002000 	C:\WINDOWS\System32\shlwapi.dll
0x00007ffdde460000 - 0x00007ffdde471000 	C:\WINDOWS\System32\kernel.appcore.dll
0x00007ffddf210000 - 0x00007ffddf227000 	C:\WINDOWS\System32\cryptsp.dll
0x00007ffd7e8a0000 - 0x00007ffd7e8ba000 	E:\Program Files\Android\Android Studio\jre\jre\bin\net.dll
0x00007ffdb64e0000 - 0x00007ffdb6575000 	C:\WINDOWS\system32\DolphinQLSP.dll
0x00007ffddf230000 - 0x00007ffddf379000 	C:\WINDOWS\System32\CRYPT32.dll
0x00007ffdde440000 - 0x00007ffdde452000 	C:\WINDOWS\System32\MSASN1.dll
0x00007ffdddc10000 - 0x00007ffdddc77000 	C:\WINDOWS\SYSTEM32\MSWSOCK.dll
0x00007ffddd920000 - 0x00007ffddd95a000 	C:\WINDOWS\SYSTEM32\IPHLPAPI.DLL
0x00007ffdde2a0000 - 0x00007ffdde2cf000 	C:\WINDOWS\SYSTEM32\SspiCli.dll
0x00007ffdd5490000 - 0x00007ffdd549a000 	C:\WINDOWS\system32\wshqos.dll
0x00007ffdd53b0000 - 0x00007ffdd53b8000 	C:\WINDOWS\SYSTEM32\wshtcpip.DLL
0x00007ffdd53a0000 - 0x00007ffdd53a8000 	C:\WINDOWS\SYSTEM32\wship6.dll
0x00007ffd95760000 - 0x00007ffd95773000 	E:\Program Files\Android\Android Studio\jre\jre\bin\nio.dll
0x00007ffdb1220000 - 0x00007ffdb1246000 	C:\Users\Arnold\.gradle\native\31\windows-amd64\native-platform.dll
0x00007ffd95750000 - 0x00007ffd9575d000 	E:\Program Files\Android\Android Studio\jre\jre\bin\management.dll
0x00007ffddd720000 - 0x00007ffddd753000 	C:\WINDOWS\system32\rsaenh.dll
0x00007ffddf420000 - 0x00007ffddf446000 	C:\WINDOWS\System32\bcrypt.dll
0x00007ffdde2d0000 - 0x00007ffdde2f5000 	C:\WINDOWS\SYSTEM32\USERENV.dll
0x00007ffdddde0000 - 0x00007ffddddec000 	C:\WINDOWS\SYSTEM32\CRYPTBASE.dll
0x00007ffddfbf0000 - 0x00007ffddfbf8000 	C:\WINDOWS\System32\NSI.dll
0x00007ffdd6060000 - 0x00007ffdd6076000 	C:\WINDOWS\SYSTEM32\dhcpcsvc6.DLL
0x00007ffdd5c60000 - 0x00007ffdd5c7c000 	C:\WINDOWS\SYSTEM32\dhcpcsvc.DLL
0x00007ffddd960000 - 0x00007ffddda2b000 	C:\WINDOWS\SYSTEM32\DNSAPI.dll

VM Arguments:
jvm_args: -Xmx2048m -Dfile.encoding=GBK -Duser.country=CN -Duser.language=zh -Duser.variant 
java_command: org.gradle.launcher.daemon.bootstrap.GradleDaemon 6.1.1
java_class_path (initial): C:\Users\Arnold\.gradle\wrapper\dists\gradle-6.1.1-all\cfmwm155h49vnt3hynmlrsdst\gradle-6.1.1\lib\gradle-launcher-6.1.1.jar
Launcher Type: SUN_STANDARD

Environment Variables:
JAVA_HOME=C:\Program Files\Java\jdk-13.0.2
CLASSPATH=.;C:\Program Files\Java\jdk-13.0.2\lib\dt.jar;C:\Program Files\Java\jdk-13.0.2\lib\tools.jar;
USERNAME=Arnold
OS=Windows_NT
PROCESSOR_IDENTIFIER=Intel64 Family 6 Model 158 Stepping 10, GenuineIntel



---------------  S Y S T E M  ---------------

OS: Windows 10.0 , 64 bit Build 18362 (10.0.18362.959)

CPU:total 8 (initial active 8) (4 cores per cpu, 2 threads per core) family 6 model 158 stepping 10, cmov, cx8, fxsr, mmx, sse, sse2, sse3, ssse3, sse4.1, sse4.2, popcnt, avx, avx2, aes, clmul, erms, 3dnowpref, lzcnt, ht, tsc, tscinvbit, bmi1, bmi2, adx

Memory: 4k page, physical 8259892k(238084k free), swap 12547100k(200k free)

vm_info: OpenJDK 64-Bit Server VM (25.242-b01) for windows-amd64 JRE (1.8.0_242-release-1644-b01), built by "builder" with MS VC++ 10.0 (VS2010)

time: Thu Sep 03 14:40:32 2020
timezone: 中国标准时间
elapsed time: 215 seconds (0d 0h 3m 35s)

