#
# There is insufficient memory for the Java Runtime Environment to continue.
# Native memory allocation (malloc) failed to allocate 32744 bytes for ChunkPool::allocate
# Possible reasons:
#   The system is out of physical RAM or swap space
#   The process is running with CompressedOops enabled, and the Java Heap may be blocking the growth of the native heap
# Possible solutions:
#   Reduce memory load on the system
#   Increase physical memory or swap space
#   Check if swap backing store is full
#   Decrease Java heap size (-Xmx/-Xms)
#   Decrease number of Java threads
#   Decrease Java thread stack sizes (-Xss)
#   Set larger code cache with -XX:ReservedCodeCacheSize=
#   JVM is running with Unscaled Compressed Oops mode in which the Java heap is
#     placed in the first 4GB address space. The Java Heap base address is the
#     maximum limit for the native heap growth. Please use -XX:HeapBaseMinAddress
#     to set the Java Heap base and to place the Java Heap above 4GB virtual address.
# This output file may be truncated or incomplete.
#
#  Out of Memory Error (allocation.cpp:272), pid=20412, tid=0x0000000000005054
#
# JRE version: OpenJDK Runtime Environment (8.0_242-b01) (build 1.8.0_242-release-1644-b01)
# Java VM: OpenJDK 64-Bit Server VM (25.242-b01 mixed mode windows-amd64 compressed oops)
# Failed to write core dump. Minidumps are not enabled by default on client versions of Windows
#

---------------  T H R E A D  ---------------

Current thread (0x0000000019939000):  JavaThread "C2 CompilerThread0" daemon [_thread_in_vm, id=20564, stack(0x000000001a160000,0x000000001a260000)]

Stack: [0x000000001a160000,0x000000001a260000]
[error occurred during error reporting (printing stack bounds), id 0xc0000005]

Native frames: (J=compiled Java code, j=interpreted, Vv=VM code, C=native code)


Current CompileTask:
C2: 368199 16413       4       com.android.tools.r8.dex.DexParser::a (1971 bytes)


---------------  P R O C E S S  ---------------

Java Threads: ( => current thread )
  0x0000000024b7f000 JavaThread "ForkJoinPool-4-worker-4" daemon [_thread_blocked, id=7456, stack(0x000000002be10000,0x000000002bf10000)]
  0x0000000024b71000 JavaThread "ForkJoinPool-4-worker-3" daemon [_thread_blocked, id=12564, stack(0x000000002bc10000,0x000000002bd10000)]
  0x0000000024b70000 JavaThread "ForkJoinPool-4-worker-2" daemon [_thread_blocked, id=7608, stack(0x000000002b910000,0x000000002ba10000)]
  0x0000000024b74000 JavaThread "ForkJoinPool-4-worker-1" daemon [_thread_blocked, id=8808, stack(0x000000001ee90000,0x000000001ef90000)]
  0x0000000024b72800 JavaThread "WorkerExecutor Queue Thread 8" [_thread_blocked, id=1792, stack(0x000000002df10000,0x000000002e010000)]
  0x0000000024b71800 JavaThread "WorkerExecutor Queue Thread 7" [_thread_blocked, id=568, stack(0x000000002ce30000,0x000000002cf30000)]
  0x0000000024b73000 JavaThread "WorkerExecutor Queue Thread 6" [_thread_blocked, id=17304, stack(0x000000002cd30000,0x000000002ce30000)]
  0x0000000024b75800 JavaThread "WorkerExecutor Queue Thread 5" [_thread_blocked, id=20040, stack(0x000000002cc30000,0x000000002cd30000)]
  0x0000000024b74800 JavaThread "WorkerExecutor Queue Thread 4" [_thread_blocked, id=2608, stack(0x000000002bd10000,0x000000002be10000)]
  0x0000000024c67800 JavaThread "ForkJoinPool.commonPool-worker-4" daemon [_thread_blocked, id=12852, stack(0x000000002bf10000,0x000000002c010000)]
  0x0000000024c64000 JavaThread "WorkerExecutor Queue Thread 3" [_thread_blocked, id=20976, stack(0x000000002bb10000,0x000000002bc10000)]
  0x0000000024c61000 JavaThread "WorkerExecutor Queue Thread 2" [_thread_blocked, id=14648, stack(0x000000002b810000,0x000000002b910000)]
  0x0000000024c62800 JavaThread "Cache worker for Java compile cache (E:\NewsApp\EpidemicNewsApp\.gradle\6.1.1\javaCompile)" [_thread_blocked, id=14860, stack(0x000000002b110000,0x000000002b210000)]
  0x0000000024c61800 JavaThread "Cache worker for Java compile cache (C:\Users\Arnold\.gradle\caches\6.1.1\javaCompile)" [_thread_blocked, id=20196, stack(0x0000000028660000,0x0000000028760000)]
  0x0000000024c5e800 JavaThread "WorkerExecutor Queue" [_thread_blocked, id=12620, stack(0x000000002b010000,0x000000002b110000)]
  0x000000001d67e800 JavaThread "Cache worker for execution history cache (E:\NewsApp\EpidemicNewsApp\.gradle\6.1.1\executionHistory)" [_thread_blocked, id=13240, stack(0x000000002ad10000,0x000000002ae10000)]
  0x000000001d681800 JavaThread "Execution worker for ':' Thread 7" [_thread_blocked, id=5880, stack(0x000000002ac10000,0x000000002ad10000)]
  0x000000001d680800 JavaThread "Execution worker for ':' Thread 6" [_thread_blocked, id=21480, stack(0x000000002ab10000,0x000000002ac10000)]
  0x000000001d75a000 JavaThread "Execution worker for ':' Thread 5" [_thread_blocked, id=15024, stack(0x000000002a910000,0x000000002aa10000)]
  0x000000001d757800 JavaThread "Execution worker for ':' Thread 4" [_thread_blocked, id=19804, stack(0x000000002a810000,0x000000002a910000)]
  0x000000001d758800 JavaThread "Execution worker for ':' Thread 3" [_thread_blocked, id=20116, stack(0x000000002a710000,0x000000002a810000)]
  0x000000001d75c000 JavaThread "Execution worker for ':' Thread 2" [_thread_blocked, id=17852, stack(0x000000002a610000,0x000000002a710000)]
  0x000000001d759000 JavaThread "Execution worker for ':'" [_thread_blocked, id=17824, stack(0x000000002a510000,0x000000002a610000)]
  0x000000001d75d000 JavaThread "Cache worker for file content cache (E:\NewsApp\EpidemicNewsApp\.gradle\6.1.1\fileContent)" [_thread_blocked, id=12728, stack(0x000000002a410000,0x000000002a510000)]
  0x000000001d75d800 JavaThread "Cache worker for file content cache (C:\Users\Arnold\.gradle\caches\6.1.1\fileContent)" [_thread_blocked, id=16516, stack(0x000000002a310000,0x000000002a410000)]
  0x000000001d754800 JavaThread "Cache worker for Build Output Cleanup Cache (E:\NewsApp\EpidemicNewsApp\.gradle\buildOutputCleanup)" [_thread_blocked, id=20840, stack(0x000000002a210000,0x000000002a310000)]
  0x000000001d756000 JavaThread "Build operations Thread 8" [_thread_blocked, id=14548, stack(0x000000002a110000,0x000000002a210000)]
  0x000000001dae9000 JavaThread "Build operations Thread 7" [_thread_blocked, id=20288, stack(0x000000002a010000,0x000000002a110000)]
  0x000000001daee000 JavaThread "Build operations Thread 6" [_thread_blocked, id=11812, stack(0x0000000026ff0000,0x00000000270f0000)]
  0x000000001daef800 JavaThread "Build operations Thread 5" [_thread_blocked, id=14376, stack(0x00000000266f0000,0x00000000267f0000)]
  0x000000001daec000 JavaThread "Build operations Thread 4" [_thread_blocked, id=15584, stack(0x00000000265f0000,0x00000000266f0000)]
  0x000000001daeb000 JavaThread "Build operations Thread 3" [_thread_blocked, id=18776, stack(0x00000000264f0000,0x00000000265f0000)]
  0x000000001dae9800 JavaThread "Build operations Thread 2" [_thread_blocked, id=18840, stack(0x00000000263f0000,0x00000000264f0000)]
  0x000000001daef000 JavaThread "Build operations" [_thread_blocked, id=5504, stack(0x0000000025040000,0x0000000025140000)]
  0x000000001daed800 JavaThread "Cache worker for cache directory md-rule (C:\Users\Arnold\.gradle\caches\6.1.1\md-rule)" [_thread_blocked, id=15808, stack(0x0000000023f00000,0x0000000024000000)]
  0x000000001daea800 JavaThread "Cache worker for cache directory md-supplier (C:\Users\Arnold\.gradle\caches\6.1.1\md-supplier)" [_thread_blocked, id=14976, stack(0x0000000022b70000,0x0000000022c70000)]
  0x000000001dae1800 JavaThread "Cache worker for file hash cache (E:\NewsApp\EpidemicNewsApp\.gradle\6.1.1\fileHashes)" [_thread_blocked, id=15312, stack(0x0000000022a70000,0x0000000022b70000)]
  0x000000001dae8000 JavaThread "Cache worker for checksums cache (E:\NewsApp\EpidemicNewsApp\.gradle\checksums)" [_thread_blocked, id=1048, stack(0x0000000021930000,0x0000000021a30000)]
  0x000000001dae6000 JavaThread "Thread-33" [_thread_blocked, id=9188, stack(0x0000000021630000,0x0000000021730000)]
  0x000000001dae3800 JavaThread "Asynchronous log dispatcher for DefaultDaemonConnection: socket connection from /127.0.0.1:6768 to /127.0.0.1:6924" [_thread_blocked, id=17440, stack(0x000000001eb90000,0x000000001ec90000)]
  0x000000001dae5000 JavaThread "Daemon worker Thread 2" [_thread_blocked, id=14176, stack(0x000000001e690000,0x000000001e790000)]
  0x000000001dae2000 JavaThread "Cancel handler" [_thread_blocked, id=12244, stack(0x0000000000b30000,0x0000000000c30000)]
  0x000000001dae6800 JavaThread "Handler for socket connection from /127.0.0.1:6768 to /127.0.0.1:6924" [_thread_in_native, id=2044, stack(0x0000000000a30000,0x0000000000b30000)]
  0x000000001dae0800 JavaThread "Daemon Thread 2" [_thread_blocked, id=21012, stack(0x0000000000820000,0x0000000000920000)]
  0x000000001d763000 JavaThread "Memory manager" [_thread_blocked, id=18040, stack(0x00000000276f0000,0x00000000277f0000)]
  0x000000001d67f000 JavaThread "Cache worker for execution history cache (C:\Users\Arnold\.gradle\caches\6.1.1\executionHistory)" [_thread_blocked, id=15592, stack(0x0000000022d30000,0x0000000022e30000)]
  0x000000001d680000 JavaThread "Cache worker for file hash cache (C:\Users\Arnold\.gradle\caches\6.1.1\fileHashes)" [_thread_blocked, id=13848, stack(0x000000001f390000,0x000000001f490000)]
  0x000000001d67b800 JavaThread "File lock request listener" [_thread_in_native, id=10620, stack(0x000000001f290000,0x000000001f390000)]
  0x000000001d6a2800 JavaThread "Cache worker for journal cache (C:\Users\Arnold\.gradle\caches\journal-1)" [_thread_blocked, id=16316, stack(0x000000001f190000,0x000000001f290000)]
  0x000000001d401800 JavaThread "Daemon periodic checks" [_thread_blocked, id=18132, stack(0x000000001e590000,0x000000001e690000)]
  0x000000001d3fa800 JavaThread "Incoming local TCP Connector on port 6768" [_thread_in_native, id=916, stack(0x000000001e3e0000,0x000000001e4e0000)]
  0x000000001d336000 JavaThread "Daemon health stats" [_thread_blocked, id=19524, stack(0x000000001e2e0000,0x000000001e3e0000)]
  0x0000000019a37000 JavaThread "Service Thread" daemon [_thread_blocked, id=19776, stack(0x000000001a560000,0x000000001a660000)]
  0x000000001999b000 JavaThread "C1 CompilerThread3" daemon [_thread_in_vm, id=16116, stack(0x000000001a460000,0x000000001a560000)]
  0x0000000019994000 JavaThread "C2 CompilerThread2" daemon [_thread_in_native, id=18844, stack(0x000000001a360000,0x000000001a460000)]
  0x000000001993b800 JavaThread "C2 CompilerThread1" daemon [_thread_in_native, id=20240, stack(0x000000001a260000,0x000000001a360000)]
=>0x0000000019939000 JavaThread "C2 CompilerThread0" daemon [_thread_in_vm, id=20564, stack(0x000000001a160000,0x000000001a260000)]
  0x0000000019993800 JavaThread "Attach Listener" daemon [_thread_blocked, id=18152, stack(0x000000001a060000,0x000000001a160000)]
  0x0000000019992000 JavaThread "Signal Dispatcher" daemon [_thread_blocked, id=19860, stack(0x0000000019f60000,0x000000001a060000)]
  0x0000000019920800 JavaThread "Finalizer" daemon [_thread_blocked, id=17104, stack(0x0000000019e00000,0x0000000019f00000)]
  0x0000000017b2b800 JavaThread "Reference Handler" daemon [_thread_blocked, id=12172, stack(0x0000000019d00000,0x0000000019e00000)]
  0x0000000002993800 JavaThread "main" [_thread_blocked, id=19944, stack(0x0000000002890000,0x0000000002990000)]

Other Threads:
  0x0000000017b27000 VMThread [stack: 0x0000000019800000,0x0000000019900000] [id=14212]
  0x0000000019a38800 WatcherThread [stack: 0x000000001a660000,0x000000001a760000] [id=9168]

VM state:synchronizing (normal execution)

VM Mutex/Monitor currently owned by a thread:  ([mutex/lock_event])
[0x0000000002990ed0] Threads_lock - owner thread: 0x0000000017b27000

heap address: 0x0000000080000000, size: 2048 MB, Compressed Oops mode: 32-bit
Narrow klass base: 0x0000000000000000, Narrow klass shift: 3
Compressed class space size: 1073741824 Address: 0x0000000100000000

Heap:
 PSYoungGen      total 356352K, used 318825K [0x00000000d5580000, 0x00000000ee580000, 0x0000000100000000)
  eden space 314880K, 97% used [0x00000000d5580000,0x00000000e809c3e8,0x00000000e8900000)
  from space 41472K, 30% used [0x00000000eb000000,0x00000000ebc3e1b0,0x00000000ed880000)
  to   space 39936K, 0% used [0x00000000e8900000,0x00000000e8900000,0x00000000eb000000)
 ParOldGen       total 197120K, used 72877K [0x0000000080000000, 0x000000008c080000, 0x00000000d5580000)
  object space 197120K, 36% used [0x0000000080000000,0x000000008472b720,0x000000008c080000)
 Metaspace       used 100174K, capacity 104920K, committed 105624K, reserved 1140736K
  class space    used 13133K, capacity 14074K, committed 14248K, reserved 1048576K

Card table byte_map: [0x0000000011e50000,0x0000000012260000] byte_map_base: 0x0000000011a50000

Marking Bits: (ParMarkBitMap*) 0x000000006cecf030
 Begin Bits: [0x0000000012d10000, 0x0000000014d10000)
 End Bits:   [0x0000000014d10000, 0x0000000016d10000)

Polling page: 0x0000000000d10000

CodeCache: size=245760Kb used=45746Kb max_used=47104Kb free=200013Kb
 bounds [0x0000000002a90000, 0x00000000058d0000, 0x0000000011a90000]
 total_blobs=14720 nmethods=13803 adapters=827
 compilation: enabled

Compilation events (10 events):
Event: 368.022 Thread 0x000000001999b000 16424       3       com.android.tools.r8.graph.OffsetToObjectMapping::l (33 bytes)
Event: 368.023 Thread 0x000000001999b000 nmethod 16424 0x0000000004d09e90 code [0x0000000004d09fe0, 0x0000000004d0a1f0]
Event: 368.023 Thread 0x000000001999b000 16428       3       com.android.tools.r8.graph.OffsetToObjectMapping::m (33 bytes)
Event: 368.023 Thread 0x000000001999b000 nmethod 16428 0x0000000005307d50 code [0x0000000005307ea0, 0x00000000053080b0]
Event: 368.023 Thread 0x000000001999b000 16425       3       com.android.tools.r8.graph.OffsetToObjectMapping::k (33 bytes)
Event: 368.023 Thread 0x000000001999b000 nmethod 16425 0x0000000003f29090 code [0x0000000003f291e0, 0x0000000003f293f0]
Event: 368.023 Thread 0x000000001999b000 16426       3       com.android.tools.r8.graph.OffsetToObjectMapping::j (33 bytes)
Event: 368.023 Thread 0x000000001999b000 nmethod 16426 0x00000000040f4910 code [0x00000000040f4a60, 0x00000000040f4c70]
Event: 368.023 Thread 0x000000001999b000 16427       3       com.android.tools.r8.graph.OffsetToObjectMapping::g (33 bytes)
Event: 368.023 Thread 0x000000001999b000 nmethod 16427 0x0000000004cf7150 code [0x0000000004cf72a0, 0x0000000004cf74b0]

GC Heap History (10 events):
Event: 307.855 GC heap before
{Heap before GC invocations=14 (full 3):
 PSYoungGen      total 256512K, used 252242K [0x00000000d5580000, 0x00000000e7e00000, 0x0000000100000000)
  eden space 233984K, 100% used [0x00000000d5580000,0x00000000e3a00000,0x00000000e3a00000)
  from space 22528K, 81% used [0x00000000e5180000,0x00000000e6354b68,0x00000000e6780000)
  to   space 24064K, 0% used [0x00000000e3a00000,0x00000000e3a00000,0x00000000e5180000)
 ParOldGen       total 129536K, used 39956K [0x0000000080000000, 0x0000000087e80000, 0x00000000d5580000)
  object space 129536K, 30% used [0x0000000080000000,0x0000000082705208,0x0000000087e80000)
 Metaspace       used 81417K, capacity 85674K, committed 86040K, reserved 1124352K
  class space    used 10838K, capacity 11709K, committed 11816K, reserved 1048576K
Event: 307.889 GC heap after
Heap after GC invocations=14 (full 3):
 PSYoungGen      total 258048K, used 24051K [0x00000000d5580000, 0x00000000e9c00000, 0x0000000100000000)
  eden space 233984K, 0% used [0x00000000d5580000,0x00000000d5580000,0x00000000e3a00000)
  from space 24064K, 99% used [0x00000000e3a00000,0x00000000e517cd70,0x00000000e5180000)
  to   space 29696K, 0% used [0x00000000e7f00000,0x00000000e7f00000,0x00000000e9c00000)
 ParOldGen       total 129536K, used 45695K [0x0000000080000000, 0x0000000087e80000, 0x00000000d5580000)
  object space 129536K, 35% used [0x0000000080000000,0x0000000082c9fcc8,0x0000000087e80000)
 Metaspace       used 81417K, capacity 85674K, committed 86040K, reserved 1124352K
  class space    used 10838K, capacity 11709K, committed 11816K, reserved 1048576K
}
Event: 324.510 GC heap before
{Heap before GC invocations=15 (full 3):
 PSYoungGen      total 258048K, used 258035K [0x00000000d5580000, 0x00000000e9c00000, 0x0000000100000000)
  eden space 233984K, 100% used [0x00000000d5580000,0x00000000e3a00000,0x00000000e3a00000)
  from space 24064K, 99% used [0x00000000e3a00000,0x00000000e517cd70,0x00000000e5180000)
  to   space 29696K, 0% used [0x00000000e7f00000,0x00000000e7f00000,0x00000000e9c00000)
 ParOldGen       total 129536K, used 45695K [0x0000000080000000, 0x0000000087e80000, 0x00000000d5580000)
  object space 129536K, 35% used [0x0000000080000000,0x0000000082c9fcc8,0x0000000087e80000)
 Metaspace       used 89990K, capacity 94864K, committed 95128K, reserved 1132544K
  class space    used 11937K, capacity 12888K, committed 12968K, reserved 1048576K
Event: 324.540 GC heap after
Heap after GC invocations=15 (full 3):
 PSYoungGen      total 295424K, used 29686K [0x00000000d5580000, 0x00000000ea780000, 0x0000000100000000)
  eden space 265728K, 0% used [0x00000000d5580000,0x00000000d5580000,0x00000000e5900000)
  from space 29696K, 99% used [0x00000000e7f00000,0x00000000e9bfd9f0,0x00000000e9c00000)
  to   space 38912K, 0% used [0x00000000e5900000,0x00000000e5900000,0x00000000e7f00000)
 ParOldGen       total 129536K, used 58610K [0x0000000080000000, 0x0000000087e80000, 0x00000000d5580000)
  object space 129536K, 45% used [0x0000000080000000,0x000000008393ca28,0x0000000087e80000)
 Metaspace       used 89990K, capacity 94864K, committed 95128K, reserved 1132544K
  class space    used 11937K, capacity 12888K, committed 12968K, reserved 1048576K
}
Event: 325.693 GC heap before
{Heap before GC invocations=16 (full 3):
 PSYoungGen      total 295424K, used 96918K [0x00000000d5580000, 0x00000000ea780000, 0x0000000100000000)
  eden space 265728K, 25% used [0x00000000d5580000,0x00000000d97281f8,0x00000000e5900000)
  from space 29696K, 99% used [0x00000000e7f00000,0x00000000e9bfd9f0,0x00000000e9c00000)
  to   space 38912K, 0% used [0x00000000e5900000,0x00000000e5900000,0x00000000e7f00000)
 ParOldGen       total 129536K, used 58610K [0x0000000080000000, 0x0000000087e80000, 0x00000000d5580000)
  object space 129536K, 45% used [0x0000000080000000,0x000000008393ca28,0x0000000087e80000)
 Metaspace       used 93357K, capacity 98462K, committed 98600K, reserved 1134592K
  class space    used 12402K, capacity 13407K, committed 13480K, reserved 1048576K
Event: 325.722 GC heap after
Heap after GC invocations=16 (full 3):
 PSYoungGen      total 304640K, used 28987K [0x00000000d5580000, 0x00000000ed880000, 0x0000000100000000)
  eden space 265728K, 0% used [0x00000000d5580000,0x00000000d5580000,0x00000000e5900000)
  from space 38912K, 74% used [0x00000000e5900000,0x00000000e754ee50,0x00000000e7f00000)
  to   space 41472K, 0% used [0x00000000eb000000,0x00000000eb000000,0x00000000ed880000)
 ParOldGen       total 129536K, used 67054K [0x0000000080000000, 0x0000000087e80000, 0x00000000d5580000)
  object space 129536K, 51% used [0x0000000080000000,0x000000008417bb18,0x0000000087e80000)
 Metaspace       used 93357K, capacity 98462K, committed 98600K, reserved 1134592K
  class space    used 12402K, capacity 13407K, committed 13480K, reserved 1048576K
}
Event: 325.722 GC heap before
{Heap before GC invocations=17 (full 4):
 PSYoungGen      total 304640K, used 28987K [0x00000000d5580000, 0x00000000ed880000, 0x0000000100000000)
  eden space 265728K, 0% used [0x00000000d5580000,0x00000000d5580000,0x00000000e5900000)
  from space 38912K, 74% used [0x00000000e5900000,0x00000000e754ee50,0x00000000e7f00000)
  to   space 41472K, 0% used [0x00000000eb000000,0x00000000eb000000,0x00000000ed880000)
 ParOldGen       total 129536K, used 67054K [0x0000000080000000, 0x0000000087e80000, 0x00000000d5580000)
  object space 129536K, 51% used [0x0000000080000000,0x000000008417bb18,0x0000000087e80000)
 Metaspace       used 93357K, capacity 98462K, committed 98600K, reserved 1134592K
  class space    used 12402K, capacity 13407K, committed 13480K, reserved 1048576K
Event: 325.935 GC heap after
Heap after GC invocations=17 (full 4):
 PSYoungGen      total 304640K, used 0K [0x00000000d5580000, 0x00000000ed880000, 0x0000000100000000)
  eden space 265728K, 0% used [0x00000000d5580000,0x00000000d5580000,0x00000000e5900000)
  from space 38912K, 0% used [0x00000000e5900000,0x00000000e5900000,0x00000000e7f00000)
  to   space 41472K, 0% used [0x00000000eb000000,0x00000000eb000000,0x00000000ed880000)
 ParOldGen       total 197120K, used 72869K [0x0000000080000000, 0x000000008c080000, 0x00000000d5580000)
  object space 197120K, 36% used [0x0000000080000000,0x0000000084729720,0x000000008c080000)
 Metaspace       used 92744K, capacity 96704K, committed 98600K, reserved 1134592K
  class space    used 12206K, capacity 13062K, committed 13480K, reserved 1048576K
}
Event: 328.174 GC heap before
{Heap before GC invocations=18 (full 4):
 PSYoungGen      total 304640K, used 265728K [0x00000000d5580000, 0x00000000ed880000, 0x0000000100000000)
  eden space 265728K, 100% used [0x00000000d5580000,0x00000000e5900000,0x00000000e5900000)
  from space 38912K, 0% used [0x00000000e5900000,0x00000000e5900000,0x00000000e7f00000)
  to   space 41472K, 0% used [0x00000000eb000000,0x00000000eb000000,0x00000000ed880000)
 ParOldGen       total 197120K, used 72869K [0x0000000080000000, 0x000000008c080000, 0x00000000d5580000)
  object space 197120K, 36% used [0x0000000080000000,0x0000000084729720,0x000000008c080000)
 Metaspace       used 98484K, capacity 102928K, committed 104216K, reserved 1138688K
  class space    used 12945K, capacity 13880K, committed 14120K, reserved 1048576K
Event: 328.276 GC heap after
Heap after GC invocations=18 (full 4):
 PSYoungGen      total 356352K, used 12536K [0x00000000d5580000, 0x00000000ee580000, 0x0000000100000000)
  eden space 314880K, 0% used [0x00000000d5580000,0x00000000d5580000,0x00000000e8900000)
  from space 41472K, 30% used [0x00000000eb000000,0x00000000ebc3e1b0,0x00000000ed880000)
  to   space 39936K, 0% used [0x00000000e8900000,0x00000000e8900000,0x00000000eb000000)
 ParOldGen       total 197120K, used 72877K [0x0000000080000000, 0x000000008c080000, 0x00000000d5580000)
  object space 197120K, 36% used [0x0000000080000000,0x000000008472b720,0x000000008c080000)
 Metaspace       used 98484K, capacity 102928K, committed 104216K, reserved 1138688K
  class space    used 12945K, capacity 13880K, committed 14120K, reserved 1048576K
}

Deoptimization events (10 events):
Event: 330.239 Thread 0x0000000024b70000 Uncommon trap: reason=class_check action=maybe_recompile pc=0x0000000003a8d7b8 method=java.util.TimSort.mergeLo(IIII)V @ 189
Event: 330.239 Thread 0x0000000024b70000 Uncommon trap: reason=class_check action=maybe_recompile pc=0x000000000490a048 method=java.util.TimSort.mergeLo(IIII)V @ 189
Event: 330.417 Thread 0x0000000024b70000 Uncommon trap: reason=null_check action=make_not_entrant pc=0x00000000055bf5d0 method=com.android.tools.r8.graph.DexString.b(Ljava/lang/Object;)Z @ 1
Event: 330.591 Thread 0x0000000024b70000 Uncommon trap: reason=unstable_if action=reinterpret pc=0x0000000004c00780 method=java.util.TimSort.mergeHi(IIII)V @ 529
Event: 330.591 Thread 0x0000000024b70000 Uncommon trap: reason=unstable_if action=reinterpret pc=0x000000000571a7e0 method=java.util.TimSort.mergeLo(IIII)V @ 87
Event: 330.642 Thread 0x0000000024b70000 Uncommon trap: reason=unstable_if action=reinterpret pc=0x0000000004b11ea0 method=com.android.tools.r8.dex.DexOutputBuffer.j(I)V @ 8
Event: 330.769 Thread 0x0000000024b71800 Uncommon trap: reason=unstable_if action=reinterpret pc=0x0000000004f491f4 method=java.net.URI.needsNormalization(Ljava/lang/String;)I @ 62
Event: 331.427 Thread 0x000000001d757800 Uncommon trap: reason=unstable_if action=reinterpret pc=0x00000000040715e0 method=java.util.Properties$LineReader.readLine()I @ 385
Event: 332.146 Thread 0x000000001d757800 Uncommon trap: reason=unstable_if action=reinterpret pc=0x0000000004b928d0 method=org.gradle.internal.snapshot.PathUtil.equalChars(CCLorg/gradle/internal/snapshot/CaseSensitivity;)Z @ 40
Event: 332.146 Thread 0x000000001d757800 Uncommon trap: reason=unstable_if action=reinterpret pc=0x0000000004b80700 method=org.gradle.internal.snapshot.PathUtil.equalChars(CCLorg/gradle/internal/snapshot/CaseSensitivity;)Z @ 40

Classes redefined (0 events):
No events

Internal exceptions (10 events):
Event: 328.924 Thread 0x0000000024c64000 Exception <a 'sun/nio/fs/WindowsException'> (0x00000000d70dc8d0) thrown at [C:\src\AOSP-openjdk-git\hotspot\src\share\vm\prims\jni.cpp, line 710]
Event: 328.953 Thread 0x0000000024c64000 Exception <a 'sun/nio/fs/WindowsException'> (0x00000000d71a93e8) thrown at [C:\src\AOSP-openjdk-git\hotspot\src\share\vm\prims\jni.cpp, line 710]
Event: 328.957 Thread 0x0000000024c64000 Exception <a 'sun/nio/fs/WindowsException'> (0x00000000d71f0068) thrown at [C:\src\AOSP-openjdk-git\hotspot\src\share\vm\prims\jni.cpp, line 710]
Event: 329.095 Thread 0x000000001d75c000 Exception <a 'java/lang/NoSuchMethodError': <clinit>> (0x00000000d7465590) thrown at [C:\src\AOSP-openjdk-git\hotspot\src\share\vm\prims\jni.cpp, line 1615]
Event: 329.291 Thread 0x0000000024b75800 Exception <a 'sun/nio/fs/WindowsException'> (0x00000000d7e0a278) thrown at [C:\src\AOSP-openjdk-git\hotspot\src\share\vm\prims\jni.cpp, line 710]
Event: 329.587 Thread 0x0000000024b7a800 Implicit null exception at 0x0000000002d0edaf to 0x0000000002d0eea1
Event: 330.417 Thread 0x0000000024b70000 Implicit null exception at 0x00000000055bf44f to 0x00000000055bf5c1
Event: 330.934 Thread 0x0000000024b70000 Exception <a 'sun/nio/fs/WindowsException'> (0x00000000e69bc800) thrown at [C:\src\AOSP-openjdk-git\hotspot\src\share\vm\prims\jni.cpp, line 710]
Event: 331.224 Thread 0x000000001d757800 Exception <a 'java/io/FileNotFoundException'> (0x00000000e6b56f30) thrown at [C:\src\AOSP-openjdk-git\hotspot\src\share\vm\prims\jni.cpp, line 710]
Event: 367.961 Thread 0x0000000024b72800 Exception <a 'sun/nio/fs/WindowsException'> (0x00000000e71a9438) thrown at [C:\src\AOSP-openjdk-git\hotspot\src\share\vm\prims\jni.cpp, line 710]

Events (10 events):
Event: 351.938 Thread 0x000000001999b000 flushing nmethod 0x00000000055cbd10
Event: 355.108 Executing VM operation: RevokeBias
Event: 355.108 Executing VM operation: RevokeBias done
Event: 355.108 Thread 0x0000000024c65800 Thread exited: 0x0000000024c65800
Event: 367.109 Executing VM operation: RevokeBias
Event: 367.109 Executing VM operation: RevokeBias done
Event: 367.109 Thread 0x0000000024c6b800 Thread exited: 0x0000000024c6b800
Event: 367.445 Executing VM operation: RevokeBias
Event: 367.445 Executing VM operation: RevokeBias done
Event: 367.445 Thread 0x000000001dae4800 Thread exited: 0x000000001dae4800


Dynamic libraries:
0x00007ff7d7870000 - 0x00007ff7d78a1000 	E:\Program Files\Android\Android Studio\jre\bin\java.exe
0x00007ffbe5420000 - 0x00007ffbe5610000 	C:\WINDOWS\SYSTEM32\ntdll.dll
0x00007ffbe4ab0000 - 0x00007ffbe4b62000 	C:\WINDOWS\System32\KERNEL32.DLL
0x00007ffbe25d0000 - 0x00007ffbe2874000 	C:\WINDOWS\System32\KERNELBASE.dll
0x00007ffbe4650000 - 0x00007ffbe46f3000 	C:\WINDOWS\System32\ADVAPI32.dll
0x00007ffbe4260000 - 0x00007ffbe42fe000 	C:\WINDOWS\System32\msvcrt.dll
0x00007ffbe5210000 - 0x00007ffbe52a7000 	C:\WINDOWS\System32\sechost.dll
0x00007ffbe4480000 - 0x00007ffbe45a0000 	C:\WINDOWS\System32\RPCRT4.dll
0x00007ffbe5060000 - 0x00007ffbe51f5000 	C:\WINDOWS\System32\USER32.dll
0x00007ffbe2500000 - 0x00007ffbe2521000 	C:\WINDOWS\System32\win32u.dll
0x00007ffbe3580000 - 0x00007ffbe35a6000 	C:\WINDOWS\System32\GDI32.dll
0x00007ffbe2af0000 - 0x00007ffbe2c86000 	C:\WINDOWS\System32\gdi32full.dll
0x00007ffbe2530000 - 0x00007ffbe25ce000 	C:\WINDOWS\System32\msvcp_win.dll
0x00007ffbe28a0000 - 0x00007ffbe299a000 	C:\WINDOWS\System32\ucrtbase.dll
0x00007ffbe17d0000 - 0x00007ffbe1a54000 	C:\WINDOWS\WinSxS\amd64_microsoft.windows.common-controls_6595b64144ccf1df_6.0.18362.1016_none_9e7a36bbe461dae4\COMCTL32.dll
0x00007ffbe4710000 - 0x00007ffbe4a45000 	C:\WINDOWS\System32\combase.dll
0x00007ffbe2420000 - 0x00007ffbe24a0000 	C:\WINDOWS\System32\bcryptPrimitives.dll
0x00007ffbe35b0000 - 0x00007ffbe35de000 	C:\WINDOWS\System32\IMM32.DLL
0x000000006dac0000 - 0x000000006db92000 	E:\Program Files\Android\Android Studio\jre\jre\bin\msvcr100.dll
0x000000006c700000 - 0x000000006cf4b000 	E:\Program Files\Android\Android Studio\jre\jre\bin\server\jvm.dll
0x00007ffbe36b0000 - 0x00007ffbe36b8000 	C:\WINDOWS\System32\PSAPI.DLL
0x00007ffbdbc20000 - 0x00007ffbdbc2a000 	C:\WINDOWS\SYSTEM32\VERSION.dll
0x00007ffbd93f0000 - 0x00007ffbd9414000 	C:\WINDOWS\SYSTEM32\WINMM.dll
0x00007ffbde360000 - 0x00007ffbde369000 	C:\WINDOWS\SYSTEM32\WSOCK32.dll
0x00007ffbe3640000 - 0x00007ffbe36af000 	C:\WINDOWS\System32\WS2_32.dll
0x00007ffbd93c0000 - 0x00007ffbd93ed000 	C:\WINDOWS\SYSTEM32\winmmbase.dll
0x00007ffbe23a0000 - 0x00007ffbe23ea000 	C:\WINDOWS\System32\cfgmgr32.dll
0x00007ffbdcbf0000 - 0x00007ffbdcbff000 	E:\Program Files\Android\Android Studio\jre\jre\bin\verify.dll
0x00007ffbdaef0000 - 0x00007ffbdaf19000 	E:\Program Files\Android\Android Studio\jre\jre\bin\java.dll
0x00007ffbdbc00000 - 0x00007ffbdbc16000 	E:\Program Files\Android\Android Studio\jre\jre\bin\zip.dll
0x00007ffbe3790000 - 0x00007ffbe3e77000 	C:\WINDOWS\System32\SHELL32.dll
0x00007ffbe45a0000 - 0x00007ffbe4649000 	C:\WINDOWS\System32\shcore.dll
0x00007ffbe2d40000 - 0x00007ffbe34c2000 	C:\WINDOWS\System32\windows.storage.dll
0x00007ffbe2370000 - 0x00007ffbe2393000 	C:\WINDOWS\System32\profapi.dll
0x00007ffbe2300000 - 0x00007ffbe234a000 	C:\WINDOWS\System32\powrprof.dll
0x00007ffbe22d0000 - 0x00007ffbe22e0000 	C:\WINDOWS\System32\UMPDC.dll
0x00007ffbe52b0000 - 0x00007ffbe5302000 	C:\WINDOWS\System32\shlwapi.dll
0x00007ffbe2350000 - 0x00007ffbe2361000 	C:\WINDOWS\System32\kernel.appcore.dll
0x00007ffbe2880000 - 0x00007ffbe2897000 	C:\WINDOWS\System32\cryptsp.dll
0x00007ffbd6450000 - 0x00007ffbd646a000 	E:\Program Files\Android\Android Studio\jre\jre\bin\net.dll
0x00007ffbcdf50000 - 0x00007ffbcdfe5000 	C:\WINDOWS\system32\DolphinQLSP.dll
0x00007ffbe29a0000 - 0x00007ffbe2ae9000 	C:\WINDOWS\System32\CRYPT32.dll
0x00007ffbe22e0000 - 0x00007ffbe22f2000 	C:\WINDOWS\System32\MSASN1.dll
0x00007ffbe14b0000 - 0x00007ffbe1517000 	C:\WINDOWS\SYSTEM32\MSWSOCK.dll
0x00007ffbe11b0000 - 0x00007ffbe11ea000 	C:\WINDOWS\SYSTEM32\IPHLPAPI.DLL
0x00007ffbe21f0000 - 0x00007ffbe221f000 	C:\WINDOWS\SYSTEM32\SspiCli.dll
0x00007ffbd4780000 - 0x00007ffbd478a000 	C:\WINDOWS\system32\wshqos.dll
0x00007ffbd4770000 - 0x00007ffbd4778000 	C:\WINDOWS\SYSTEM32\wshtcpip.DLL
0x00007ffbd4760000 - 0x00007ffbd4768000 	C:\WINDOWS\SYSTEM32\wship6.dll
0x00007ffbd6430000 - 0x00007ffbd6443000 	E:\Program Files\Android\Android Studio\jre\jre\bin\nio.dll
0x00007ffbc70d0000 - 0x00007ffbc70f6000 	C:\Users\Arnold\.gradle\native\31\windows-amd64\native-platform.dll
0x00007ffbdcb60000 - 0x00007ffbdcb6d000 	E:\Program Files\Android\Android Studio\jre\jre\bin\management.dll
0x00007ffbe0fc0000 - 0x00007ffbe0ff3000 	C:\WINDOWS\system32\rsaenh.dll
0x00007ffbe23f0000 - 0x00007ffbe2416000 	C:\WINDOWS\System32\bcrypt.dll
0x00007ffbe21c0000 - 0x00007ffbe21e5000 	C:\WINDOWS\SYSTEM32\USERENV.dll
0x00007ffbe1680000 - 0x00007ffbe168c000 	C:\WINDOWS\SYSTEM32\CRYPTBASE.dll
0x00007ffbe5200000 - 0x00007ffbe5208000 	C:\WINDOWS\System32\NSI.dll
0x00007ffbd9a40000 - 0x00007ffbd9a56000 	C:\WINDOWS\SYSTEM32\dhcpcsvc6.DLL
0x00007ffbd9a20000 - 0x00007ffbd9a3c000 	C:\WINDOWS\SYSTEM32\dhcpcsvc.DLL
0x00007ffbe11f0000 - 0x00007ffbe12bb000 	C:\WINDOWS\SYSTEM32\DNSAPI.dll
0x00007ffbcc690000 - 0x00007ffbcc6b4000 	E:\Program Files\Android\Android Studio\jre\jre\bin\sunec.dll
0x000000006e230000 - 0x000000006e256000 	C:\Program Files\Bonjour\mdnsNSP.dll
0x00007ffbdb790000 - 0x00007ffbdb79a000 	C:\Windows\System32\rasadhlp.dll
0x00007ffbd97b0000 - 0x00007ffbd9827000 	C:\WINDOWS\System32\fwpuclnt.dll
0x00007ffbdb1d0000 - 0x00007ffbdb1db000 	E:\Program Files\Android\Android Studio\jre\jre\bin\sunmscapi.dll
0x00007ffbe1db0000 - 0x00007ffbe1de1000 	C:\WINDOWS\SYSTEM32\ntmarta.dll

VM Arguments:
jvm_args: -Xmx2048m -Dfile.encoding=GBK -Duser.country=CN -Duser.language=zh -Duser.variant 
java_command: org.gradle.launcher.daemon.bootstrap.GradleDaemon 6.1.1
java_class_path (initial): C:\Users\Arnold\.gradle\wrapper\dists\gradle-6.1.1-all\cfmwm155h49vnt3hynmlrsdst\gradle-6.1.1\lib\gradle-launcher-6.1.1.jar
Launcher Type: SUN_STANDARD

Environment Variables:
JAVA_HOME=C:\Program Files\Java\jdk-13.0.2
CLASSPATH=.;C:\Program Files\Java\jdk-13.0.2\lib\dt.jar;C:\Program Files\Java\jdk-13.0.2\lib\tools.jar;
USERNAME=Arnold
OS=Windows_NT
PROCESSOR_IDENTIFIER=Intel64 Family 6 Model 158 Stepping 10, GenuineIntel



---------------  S Y S T E M  ---------------

OS: Windows 10.0 , 64 bit Build 18362 (10.0.18362.959)

CPU:total 8 (initial active 8) (4 cores per cpu, 2 threads per core) family 6 model 158 stepping 10, cmov, cx8, fxsr, mmx, sse, sse2, sse3, ssse3, sse4.1, sse4.2, popcnt, avx, avx2, aes, clmul, erms, 3dnowpref, lzcnt, ht, tsc, tscinvbit, bmi1, bmi2, adx

Memory: 4k page, physical 8259892k(203804k free), swap 13589720k(0k free)

vm_info: OpenJDK 64-Bit Server VM (25.242-b01) for windows-amd64 JRE (1.8.0_242-release-1644-b01), built by "builder" with MS VC++ 10.0 (VS2010)

time: Sat Sep 05 15:23:57 2020
timezone: 中国标准时间
elapsed time: 368 seconds (0d 0h 6m 8s)

