#
# There is insufficient memory for the Java Runtime Environment to continue.
# Native memory allocation (malloc) failed to allocate 1085776 bytes for Chunk::new
# Possible reasons:
#   The system is out of physical RAM or swap space
#   The process is running with CompressedOops enabled, and the Java Heap may be blocking the growth of the native heap
# Possible solutions:
#   Reduce memory load on the system
#   Increase physical memory or swap space
#   Check if swap backing store is full
#   Decrease Java heap size (-Xmx/-Xms)
#   Decrease number of Java threads
#   Decrease Java thread stack sizes (-Xss)
#   Set larger code cache with -XX:ReservedCodeCacheSize=
#   JVM is running with Unscaled Compressed Oops mode in which the Java heap is
#     placed in the first 4GB address space. The Java Heap base address is the
#     maximum limit for the native heap growth. Please use -XX:HeapBaseMinAddress
#     to set the Java Heap base and to place the Java Heap above 4GB virtual address.
# This output file may be truncated or incomplete.
#
#  Out of Memory Error (allocation.cpp:389), pid=3780, tid=0x00000000000008a0
#
# JRE version: OpenJDK Runtime Environment (8.0_242-b01) (build 1.8.0_242-release-1644-b01)
# Java VM: OpenJDK 64-Bit Server VM (25.242-b01 mixed mode windows-amd64 compressed oops)
# Failed to write core dump. Minidumps are not enabled by default on client versions of Windows
#

---------------  T H R E A D  ---------------

Current thread (0x000000001a2c0000):  JavaThread "C2 CompilerThread1" daemon [_thread_in_native, id=2208, stack(0x000000001abf0000,0x000000001acf0000)]

Stack: [0x000000001abf0000,0x000000001acf0000]
[error occurred during error reporting (printing stack bounds), id 0xc0000005]

Native frames: (J=compiled Java code, j=interpreted, Vv=VM code, C=native code)


Current CompileTask:
C2: 439981 25138       4       com.android.utils.XmlUtils::append (639 bytes)


---------------  P R O C E S S  ---------------

Java Threads: ( => current thread )
  0x0000000029d7f800 JavaThread "stdout" [_thread_in_native, id=8428, stack(0x000000003b9b0000,0x000000003bab0000)]
  0x0000000029d86000 JavaThread "stderr" [_thread_in_native, id=20744, stack(0x000000003b8b0000,0x000000003b9b0000)]
  0x000000002087f000 JavaThread "pool-9-thread-1" [_thread_blocked, id=19124, stack(0x0000000032d80000,0x0000000032e80000)]
  0x000000002087e000 JavaThread "WorkerExecutor Queue Thread 8" [_thread_blocked, id=10656, stack(0x000000002dca0000,0x000000002dda0000)]
  0x000000002087d800 JavaThread "WorkerExecutor Queue Thread 7" [_thread_blocked, id=8860, stack(0x000000002dba0000,0x000000002dca0000)]
  0x0000000020881000 JavaThread "WorkerExecutor Queue Thread 6" [_thread_blocked, id=1080, stack(0x000000002d5d0000,0x000000002d6d0000)]
  0x000000002087c800 JavaThread "WorkerExecutor Queue Thread 5" [_thread_blocked, id=20424, stack(0x000000002d4d0000,0x000000002d5d0000)]
  0x0000000020875000 JavaThread "WorkerExecutor Queue Thread 4" [_thread_blocked, id=17544, stack(0x000000002d3d0000,0x000000002d4d0000)]
  0x000000002087c000 JavaThread "WorkerExecutor Queue Thread 3" [_thread_blocked, id=19880, stack(0x000000002d2d0000,0x000000002d3d0000)]
  0x0000000020874000 JavaThread "WorkerExecutor Queue Thread 2" [_thread_blocked, id=19108, stack(0x000000002d1d0000,0x000000002d2d0000)]
  0x0000000020879800 JavaThread "WorkerExecutor Queue" [_thread_blocked, id=18284, stack(0x000000002cfa0000,0x000000002d0a0000)]
  0x0000000020873800 JavaThread "Cache worker for execution history cache (E:\NewsApp\EpidemicNewsApp\.gradle\6.1.1\executionHistory)" [_thread_blocked, id=3940, stack(0x000000002d0d0000,0x000000002d1d0000)]
  0x0000000020872000 JavaThread "Execution worker for ':' Thread 7" [_thread_blocked, id=18852, stack(0x000000002cea0000,0x000000002cfa0000)]
  0x00000000215f6000 JavaThread "Execution worker for ':' Thread 6" [_thread_blocked, id=12736, stack(0x000000002cda0000,0x000000002cea0000)]
  0x00000000215f6800 JavaThread "Execution worker for ':' Thread 5" [_thread_blocked, id=1652, stack(0x000000002cca0000,0x000000002cda0000)]
  0x00000000215f5000 JavaThread "Execution worker for ':' Thread 4" [_thread_blocked, id=11060, stack(0x000000002cba0000,0x000000002cca0000)]
  0x00000000215f4800 JavaThread "Execution worker for ':' Thread 3" [_thread_blocked, id=2796, stack(0x000000002caa0000,0x000000002cba0000)]
  0x00000000215ed000 JavaThread "Execution worker for ':' Thread 2" [_thread_blocked, id=11104, stack(0x000000002c9a0000,0x000000002caa0000)]
  0x00000000215f3800 JavaThread "Execution worker for ':'" [_thread_blocked, id=2180, stack(0x000000002c8a0000,0x000000002c9a0000)]
  0x00000000215f3000 JavaThread "Cache worker for file content cache (E:\NewsApp\EpidemicNewsApp\.gradle\6.1.1\fileContent)" [_thread_blocked, id=13076, stack(0x000000002c440000,0x000000002c540000)]
  0x00000000215f2000 JavaThread "Cache worker for Build Output Cleanup Cache (E:\NewsApp\EpidemicNewsApp\.gradle\buildOutputCleanup)" [_thread_blocked, id=12292, stack(0x000000002bca0000,0x000000002bda0000)]
  0x00000000215f1800 JavaThread "Build operations Thread 8" [_thread_blocked, id=14296, stack(0x000000002baa0000,0x000000002bba0000)]
  0x00000000215ea000 JavaThread "Build operations Thread 7" [_thread_blocked, id=18776, stack(0x000000002b7a0000,0x000000002b8a0000)]
  0x00000000215f0800 JavaThread "Build operations Thread 6" [_thread_blocked, id=2396, stack(0x000000002b2a0000,0x000000002b3a0000)]
  0x00000000215f0000 JavaThread "Build operations Thread 5" [_thread_blocked, id=20016, stack(0x000000002a940000,0x000000002aa40000)]
  0x00000000215eb800 JavaThread "Build operations Thread 4" [_thread_blocked, id=3060, stack(0x0000000029670000,0x0000000029770000)]
  0x00000000215e8800 JavaThread "Build operations Thread 3" [_thread_blocked, id=12316, stack(0x0000000027e10000,0x0000000027f10000)]
  0x00000000215ea800 JavaThread "Build operations Thread 2" [_thread_blocked, id=5812, stack(0x0000000027710000,0x0000000027810000)]
  0x00000000215ef000 JavaThread "Build operations" [_thread_blocked, id=11164, stack(0x0000000027510000,0x0000000027610000)]
  0x000000001e138000 JavaThread "Cache worker for cache directory md-rule (C:\Users\Arnold\.gradle\caches\6.1.1\md-rule)" [_thread_blocked, id=4320, stack(0x0000000027410000,0x0000000027510000)]
  0x000000001e137000 JavaThread "Cache worker for cache directory md-supplier (C:\Users\Arnold\.gradle\caches\6.1.1\md-supplier)" [_thread_blocked, id=13036, stack(0x00000000255d0000,0x00000000256d0000)]
  0x000000001e135800 JavaThread "Cache worker for file hash cache (E:\NewsApp\EpidemicNewsApp\.gradle\6.1.1\fileHashes)" [_thread_blocked, id=20476, stack(0x00000000253f0000,0x00000000254f0000)]
  0x000000001e136800 JavaThread "Cache worker for checksums cache (E:\NewsApp\EpidemicNewsApp\.gradle\checksums)" [_thread_blocked, id=4016, stack(0x0000000022780000,0x0000000022880000)]
  0x000000001e138800 JavaThread "Thread-105" [_thread_blocked, id=8484, stack(0x00000000223e0000,0x00000000224e0000)]
  0x000000001e12e000 JavaThread "Stdin handler" [_thread_blocked, id=10644, stack(0x00000000222e0000,0x00000000223e0000)]
  0x000000001e135000 JavaThread "Asynchronous log dispatcher for DefaultDaemonConnection: socket connection from /127.0.0.1:2977 to /127.0.0.1:3182" [_thread_blocked, id=21116, stack(0x000000001fde0000,0x000000001fee0000)]
  0x000000001e12d800 JavaThread "Daemon worker Thread 4" [_thread_in_vm, id=15880, stack(0x000000001f5e0000,0x000000001f6e0000)]
  0x000000001e12f800 JavaThread "Cancel handler" [_thread_blocked, id=9976, stack(0x000000001f4e0000,0x000000001f5e0000)]
  0x000000001e12b000 JavaThread "Handler for socket connection from /127.0.0.1:2977 to /127.0.0.1:3182" [_thread_in_native, id=4904, stack(0x000000001efe0000,0x000000001f0e0000)]
  0x000000001e12a800 JavaThread "Daemon Thread 4" [_thread_blocked, id=20920, stack(0x00000000012e0000,0x00000000013e0000)]
  0x0000000021e37800 JavaThread "Cache worker for Java compile cache (C:\Users\Arnold\.gradle\caches\6.1.1\javaCompile)" [_thread_blocked, id=10700, stack(0x000000002c5a0000,0x000000002c6a0000)]
  0x000000001e131000 JavaThread "Cache worker for file content cache (C:\Users\Arnold\.gradle\caches\6.1.1\fileContent)" [_thread_blocked, id=2292, stack(0x000000002afa0000,0x000000002b0a0000)]
  0x000000001e132800 JavaThread "Memory manager" [_thread_blocked, id=5820, stack(0x000000002aea0000,0x000000002afa0000)]
  0x000000001e2ea800 JavaThread "Cache worker for execution history cache (C:\Users\Arnold\.gradle\caches\6.1.1\executionHistory)" [_thread_blocked, id=15248, stack(0x0000000023920000,0x0000000023a20000)]
  0x000000001e2e4800 JavaThread "Cache worker for file hash cache (C:\Users\Arnold\.gradle\caches\6.1.1\fileHashes)" [_thread_blocked, id=5832, stack(0x000000001fce0000,0x000000001fde0000)]
  0x000000001e2e5800 JavaThread "File lock request listener" [_thread_in_native, id=3960, stack(0x000000001fbe0000,0x000000001fce0000)]
  0x000000001c581000 JavaThread "Cache worker for journal cache (C:\Users\Arnold\.gradle\caches\journal-1)" [_thread_blocked, id=18480, stack(0x000000001fae0000,0x000000001fbe0000)]
  0x000000001df3f800 JavaThread "Daemon periodic checks" [_thread_blocked, id=19360, stack(0x000000001eee0000,0x000000001efe0000)]
  0x000000001df3b800 JavaThread "Incoming local TCP Connector on port 2977" [_thread_in_native, id=3992, stack(0x000000001ed30000,0x000000001ee30000)]
  0x000000001de8a800 JavaThread "Daemon health stats" [_thread_blocked, id=4584, stack(0x000000001ec10000,0x000000001ed10000)]
  0x000000001a3b0000 JavaThread "Service Thread" daemon [_thread_blocked, id=15220, stack(0x000000001aef0000,0x000000001aff0000)]
  0x000000001a320000 JavaThread "C1 CompilerThread3" daemon [_thread_blocked, id=10360, stack(0x000000001adf0000,0x000000001aef0000)]
  0x000000001a319000 JavaThread "C2 CompilerThread2" daemon [_thread_blocked, id=15848, stack(0x000000001acf0000,0x000000001adf0000)]
=>0x000000001a2c0000 JavaThread "C2 CompilerThread1" daemon [_thread_in_native, id=2208, stack(0x000000001abf0000,0x000000001acf0000)]
  0x000000001a2be000 JavaThread "C2 CompilerThread0" daemon [_thread_blocked, id=21444, stack(0x000000001aaf0000,0x000000001abf0000)]
  0x000000001a317000 JavaThread "Attach Listener" daemon [_thread_blocked, id=16248, stack(0x000000001a9f0000,0x000000001aaf0000)]
  0x00000000184bd800 JavaThread "Signal Dispatcher" daemon [_thread_blocked, id=17044, stack(0x000000001a8f0000,0x000000001a9f0000)]
  0x000000001a2a0800 JavaThread "Finalizer" daemon [_thread_blocked, id=13760, stack(0x000000001a780000,0x000000001a880000)]
  0x00000000184ab800 JavaThread "Reference Handler" daemon [_thread_blocked, id=15056, stack(0x000000001a680000,0x000000001a780000)]
  0x0000000003343800 JavaThread "main" [_thread_blocked, id=1616, stack(0x0000000002eb0000,0x0000000002fb0000)]

Other Threads:
  0x00000000184a6000 VMThread [stack: 0x000000001a180000,0x000000001a280000] [id=6784]
  0x000000001a3b2000 WatcherThread [stack: 0x000000001aff0000,0x000000001b0f0000] [id=3068]

VM state:not at safepoint (normal execution)

VM Mutex/Monitor currently owned by a thread: None

heap address: 0x0000000080000000, size: 2048 MB, Compressed Oops mode: 32-bit
Narrow klass base: 0x0000000000000000, Narrow klass shift: 3
Compressed class space size: 1073741824 Address: 0x0000000100000000

Heap:
 PSYoungGen      total 661504K, used 613747K [0x00000000d5580000, 0x00000000fff00000, 0x0000000100000000)
  eden space 626176K, 97% used [0x00000000d5580000,0x00000000fa835320,0x00000000fb900000)
  from space 35328K, 13% used [0x00000000fdc80000,0x00000000fe127aa8,0x00000000fff00000)
  to   space 35840K, 0% used [0x00000000fb900000,0x00000000fb900000,0x00000000fdc00000)
 ParOldGen       total 200704K, used 165679K [0x0000000080000000, 0x000000008c400000, 0x00000000d5580000)
  object space 200704K, 82% used [0x0000000080000000,0x000000008a1cbcb8,0x000000008c400000)
 Metaspace       used 131609K, capacity 139230K, committed 139416K, reserved 1169408K
  class space    used 16994K, capacity 18473K, committed 18600K, reserved 1048576K

Card table byte_map: [0x0000000012800000,0x0000000012c10000] byte_map_base: 0x0000000012400000

Marking Bits: (ParMarkBitMap*) 0x000000006eedf030
 Begin Bits: [0x00000000136c0000, 0x00000000156c0000)
 End Bits:   [0x00000000156c0000, 0x00000000176c0000)

Polling page: 0x0000000001620000

CodeCache: size=245760Kb used=67623Kb max_used=67720Kb free=178136Kb
 bounds [0x0000000003440000, 0x00000000076c0000, 0x0000000012440000]
 total_blobs=20829 nmethods=19865 adapters=871
 compilation: enabled

Compilation events (10 events):
Event: 439.749 Thread 0x000000001a320000 25168       3       java.security.AccessControlContext::optimize (318 bytes)
Event: 439.749 Thread 0x000000001a2be000 nmethod 25155 0x00000000076b4310 code [0x00000000076b4460, 0x00000000076b45c8]
Event: 439.749 Thread 0x000000001a2be000 25135       4       com.android.utils.XmlUtils$PositionAwareStringBuilder::getOffset (8 bytes)
Event: 439.750 Thread 0x000000001a2be000 nmethod 25135 0x000000000701b110 code [0x000000000701b240, 0x000000000701b2b8]
Event: 439.750 Thread 0x000000001a2be000 25164       4       java.io.Bits::getLong (105 bytes)
Event: 439.751 Thread 0x000000001a320000 nmethod 25168 0x00000000076b4b50 code [0x00000000076b4e80, 0x00000000076b6788]
Event: 439.752 Thread 0x000000001a2be000 nmethod 25164 0x00000000076b4010 code [0x00000000076b4140, 0x00000000076b4258]
Event: 439.850 Thread 0x000000001a319000 

Event: 439.854 Thread 0x000000001a320000 25170       3       org.gradle.util.Path::hashCode (28 bytes)
Event: 439.855 Thread 0x000000001a320000 nmethod 25170 0x00000000076ae710 code [0x00000000076ae880, 0x00000000076aea88]

GC Heap History (10 events):
Event: 200.624 GC heap before
{Heap before GC invocations=30 (full 4):
 PSYoungGen      total 634880K, used 599987K [0x00000000d5580000, 0x00000000ffe80000, 0x0000000100000000)
  eden space 592896K, 100% used [0x00000000d5580000,0x00000000f9880000,0x00000000f9880000)
  from space 41984K, 16% used [0x00000000f9880000,0x00000000f9f6ccf0,0x00000000fc180000)
  to   space 41472K, 0% used [0x00000000fd600000,0x00000000fd600000,0x00000000ffe80000)
 ParOldGen       total 200704K, used 141794K [0x0000000080000000, 0x000000008c400000, 0x00000000d5580000)
  object space 200704K, 70% used [0x0000000080000000,0x0000000088a78b48,0x000000008c400000)
 Metaspace       used 107959K, capacity 113970K, committed 114072K, reserved 1148928K
  class space    used 14036K, capacity 15186K, committed 15272K, reserved 1048576K
Event: 200.653 GC heap after
Heap after GC invocations=30 (full 4):
 PSYoungGen      total 655872K, used 7943K [0x00000000d5580000, 0x00000000ffd80000, 0x0000000100000000)
  eden space 615424K, 0% used [0x00000000d5580000,0x00000000d5580000,0x00000000fae80000)
  from space 40448K, 19% used [0x00000000fd600000,0x00000000fddc1f28,0x00000000ffd80000)
  to   space 40448K, 0% used [0x00000000fae80000,0x00000000fae80000,0x00000000fd600000)
 ParOldGen       total 200704K, used 147147K [0x0000000080000000, 0x000000008c400000, 0x00000000d5580000)
  object space 200704K, 73% used [0x0000000080000000,0x0000000088fb2e88,0x000000008c400000)
 Metaspace       used 107959K, capacity 113970K, committed 114072K, reserved 1148928K
  class space    used 14036K, capacity 15186K, committed 15272K, reserved 1048576K
}
Event: 201.684 GC heap before
{Heap before GC invocations=31 (full 4):
 PSYoungGen      total 655872K, used 623367K [0x00000000d5580000, 0x00000000ffd80000, 0x0000000100000000)
  eden space 615424K, 100% used [0x00000000d5580000,0x00000000fae80000,0x00000000fae80000)
  from space 40448K, 19% used [0x00000000fd600000,0x00000000fddc1f28,0x00000000ffd80000)
  to   space 40448K, 0% used [0x00000000fae80000,0x00000000fae80000,0x00000000fd600000)
 ParOldGen       total 200704K, used 147147K [0x0000000080000000, 0x000000008c400000, 0x00000000d5580000)
  object space 200704K, 73% used [0x0000000080000000,0x0000000088fb2e88,0x000000008c400000)
 Metaspace       used 108091K, capacity 114042K, committed 114328K, reserved 1148928K
  class space    used 14036K, capacity 15186K, committed 15272K, reserved 1048576K
Event: 201.789 GC heap after
Heap after GC invocations=31 (full 4):
 PSYoungGen      total 655872K, used 11483K [0x00000000d5580000, 0x00000000ffc00000, 0x0000000100000000)
  eden space 615424K, 0% used [0x00000000d5580000,0x00000000d5580000,0x00000000fae80000)
  from space 40448K, 28% used [0x00000000fae80000,0x00000000fb9b6c70,0x00000000fd600000)
  to   space 38400K, 0% used [0x00000000fd680000,0x00000000fd680000,0x00000000ffc00000)
 ParOldGen       total 200704K, used 151819K [0x0000000080000000, 0x000000008c400000, 0x00000000d5580000)
  object space 200704K, 75% used [0x0000000080000000,0x0000000089442c90,0x000000008c400000)
 Metaspace       used 108091K, capacity 114042K, committed 114328K, reserved 1148928K
  class space    used 14036K, capacity 15186K, committed 15272K, reserved 1048576K
}
Event: 204.510 GC heap before
{Heap before GC invocations=32 (full 4):
 PSYoungGen      total 655872K, used 626907K [0x00000000d5580000, 0x00000000ffc00000, 0x0000000100000000)
  eden space 615424K, 100% used [0x00000000d5580000,0x00000000fae80000,0x00000000fae80000)
  from space 40448K, 28% used [0x00000000fae80000,0x00000000fb9b6c70,0x00000000fd600000)
  to   space 38400K, 0% used [0x00000000fd680000,0x00000000fd680000,0x00000000ffc00000)
 ParOldGen       total 200704K, used 151819K [0x0000000080000000, 0x000000008c400000, 0x00000000d5580000)
  object space 200704K, 75% used [0x0000000080000000,0x0000000089442c90,0x000000008c400000)
 Metaspace       used 108166K, capacity 114122K, committed 114328K, reserved 1148928K
  class space    used 14039K, capacity 15188K, committed 15272K, reserved 1048576K
Event: 205.030 GC heap after
Heap after GC invocations=32 (full 4):
 PSYoungGen      total 656384K, used 15935K [0x00000000d5580000, 0x00000000ffa00000, 0x0000000100000000)
  eden space 620032K, 0% used [0x00000000d5580000,0x00000000d5580000,0x00000000fb300000)
  from space 36352K, 43% used [0x00000000fd680000,0x00000000fe60ffa8,0x00000000ffa00000)
  to   space 36352K, 0% used [0x00000000fb300000,0x00000000fb300000,0x00000000fd680000)
 ParOldGen       total 200704K, used 156032K [0x0000000080000000, 0x000000008c400000, 0x00000000d5580000)
  object space 200704K, 77% used [0x0000000080000000,0x0000000089860068,0x000000008c400000)
 Metaspace       used 108166K, capacity 114122K, committed 114328K, reserved 1148928K
  class space    used 14039K, capacity 15188K, committed 15272K, reserved 1048576K
}
Event: 209.178 GC heap before
{Heap before GC invocations=33 (full 4):
 PSYoungGen      total 656384K, used 635967K [0x00000000d5580000, 0x00000000ffa00000, 0x0000000100000000)
  eden space 620032K, 100% used [0x00000000d5580000,0x00000000fb300000,0x00000000fb300000)
  from space 36352K, 43% used [0x00000000fd680000,0x00000000fe60ffa8,0x00000000ffa00000)
  to   space 36352K, 0% used [0x00000000fb300000,0x00000000fb300000,0x00000000fd680000)
 ParOldGen       total 200704K, used 156032K [0x0000000080000000, 0x000000008c400000, 0x00000000d5580000)
  object space 200704K, 77% used [0x0000000080000000,0x0000000089860068,0x000000008c400000)
 Metaspace       used 108293K, capacity 114238K, committed 114328K, reserved 1148928K
  class space    used 14054K, capacity 15196K, committed 15272K, reserved 1048576K
Event: 209.565 GC heap after
Heap after GC invocations=33 (full 4):
 PSYoungGen      total 656384K, used 2512K [0x00000000d5580000, 0x0000000100000000, 0x0000000100000000)
  eden space 620032K, 0% used [0x00000000d5580000,0x00000000d5580000,0x00000000fb300000)
  from space 36352K, 6% used [0x00000000fb300000,0x00000000fb574090,0x00000000fd680000)
  to   space 36352K, 0% used [0x00000000fdc80000,0x00000000fdc80000,0x0000000100000000)
 ParOldGen       total 200704K, used 164983K [0x0000000080000000, 0x000000008c400000, 0x00000000d5580000)
  object space 200704K, 82% used [0x0000000080000000,0x000000008a11dc98,0x000000008c400000)
 Metaspace       used 108293K, capacity 114238K, committed 114328K, reserved 1148928K
  class space    used 14054K, capacity 15196K, committed 15272K, reserved 1048576K
}
Event: 304.275 GC heap before
{Heap before GC invocations=34 (full 4):
 PSYoungGen      total 656384K, used 622544K [0x00000000d5580000, 0x0000000100000000, 0x0000000100000000)
  eden space 620032K, 100% used [0x00000000d5580000,0x00000000fb300000,0x00000000fb300000)
  from space 36352K, 6% used [0x00000000fb300000,0x00000000fb574090,0x00000000fd680000)
  to   space 36352K, 0% used [0x00000000fdc80000,0x00000000fdc80000,0x0000000100000000)
 ParOldGen       total 200704K, used 164983K [0x0000000080000000, 0x000000008c400000, 0x00000000d5580000)
  object space 200704K, 82% used [0x0000000080000000,0x000000008a11dc98,0x000000008c400000)
 Metaspace       used 109972K, capacity 116336K, committed 116632K, reserved 1150976K
  class space    used 14266K, capacity 15471K, committed 15528K, reserved 1048576K
Event: 304.315 GC heap after
Heap after GC invocations=34 (full 4):
 PSYoungGen      total 661504K, used 4766K [0x00000000d5580000, 0x00000000fff00000, 0x0000000100000000)
  eden space 626176K, 0% used [0x00000000d5580000,0x00000000d5580000,0x00000000fb900000)
  from space 35328K, 13% used [0x00000000fdc80000,0x00000000fe127aa8,0x00000000fff00000)
  to   space 35840K, 0% used [0x00000000fb900000,0x00000000fb900000,0x00000000fdc00000)
 ParOldGen       total 200704K, used 165679K [0x0000000080000000, 0x000000008c400000, 0x00000000d5580000)
  object space 200704K, 82% used [0x0000000080000000,0x000000008a1cbcb8,0x000000008c400000)
 Metaspace       used 109972K, capacity 116336K, committed 116632K, reserved 1150976K
  class space    used 14266K, capacity 15471K, committed 15528K, reserved 1048576K
}

Deoptimization events (10 events):
Event: 439.650 Thread 0x00000000215f6800 Uncommon trap: reason=unstable_if action=reinterpret pc=0x000000000758db80 method=com.google.common.collect.AbstractMapBasedMultimap$WrappedCollection.refreshIfEmpty()V @ 45
Event: 439.650 Thread 0x00000000215f6800 Uncommon trap: reason=unstable_if action=reinterpret pc=0x00000000075de728 method=com.google.common.collect.AbstractMapBasedMultimap$WrappedCollection.refreshIfEmpty()V @ 45
Event: 439.651 Thread 0x00000000215f6800 Uncommon trap: reason=bimorphic action=maybe_recompile pc=0x000000000762d36c method=com.android.ide.common.resources.NodeUtils.updateNamespace(Lorg/w3c/dom/Node;Lorg/w3c/dom/Document;)V @ 119
Event: 439.651 Thread 0x00000000215f6800 Uncommon trap: reason=bimorphic action=maybe_recompile pc=0x000000000762d36c method=com.android.ide.common.resources.NodeUtils.updateNamespace(Lorg/w3c/dom/Node;Lorg/w3c/dom/Document;)V @ 119
Event: 439.651 Thread 0x00000000215f6800 Uncommon trap: reason=bimorphic action=maybe_recompile pc=0x000000000762d36c method=com.android.ide.common.resources.NodeUtils.updateNamespace(Lorg/w3c/dom/Node;Lorg/w3c/dom/Document;)V @ 119
Event: 439.651 Thread 0x00000000215f6800 Uncommon trap: reason=bimorphic action=maybe_recompile pc=0x000000000762d36c method=com.android.ide.common.resources.NodeUtils.updateNamespace(Lorg/w3c/dom/Node;Lorg/w3c/dom/Document;)V @ 119
Event: 439.652 Thread 0x00000000215f6800 Uncommon trap: reason=unstable_if action=reinterpret pc=0x00000000075c79dc method=com.google.common.collect.AbstractMapBasedMultimap$WrappedCollection.refreshIfEmpty()V @ 45
Event: 439.673 Thread 0x00000000215f6800 Uncommon trap: reason=unstable_if action=reinterpret pc=0x0000000007647504 method=com.android.utils.XmlUtils.toXmlAttributeValue(Ljava/lang/String;)Ljava/lang/String; @ 33
Event: 439.673 Thread 0x00000000215f6800 Uncommon trap: reason=unstable_if action=reinterpret pc=0x00000000075c695c method=com.android.utils.XmlUtils.toXmlAttributeValue(Ljava/lang/String;)Ljava/lang/String; @ 33
Event: 439.688 Thread 0x00000000215f6800 Uncommon trap: reason=unstable_if action=reinterpret pc=0x00000000076424dc method=com.android.utils.XmlUtils.append(Lcom/android/utils/XmlUtils$PositionAwareStringBuilder;Lorg/w3c/dom/Node;Ljava/util/Map;Ljava/util/Set;)V @ 540

Classes redefined (0 events):
No events

Internal exceptions (10 events):
Event: 439.106 Thread 0x00000000215f6800 Implicit null exception at 0x00000000075cc00f to 0x00000000075ce24d
Event: 439.688 Thread 0x00000000215f6800 Implicit null exception at 0x0000000007644f3d to 0x00000000076424a9
Event: 439.699 Thread 0x00000000215f6800 Exception <a 'java/lang/NoSuchMethodError': <clinit>> (0x00000000f7eae1b8) thrown at [C:\src\AOSP-openjdk-git\hotspot\src\share\vm\prims\jni.cpp, line 1615]
Event: 439.700 Thread 0x00000000215f6800 Exception <a 'java/lang/NoSuchMethodError': <clinit>> (0x00000000f7ec94c0) thrown at [C:\src\AOSP-openjdk-git\hotspot\src\share\vm\prims\jni.cpp, line 1615]
Event: 439.700 Thread 0x00000000215f6800 Exception <a 'java/lang/NoSuchMethodError': <clinit>> (0x00000000f7ece2d0) thrown at [C:\src\AOSP-openjdk-git\hotspot\src\share\vm\prims\jni.cpp, line 1615]
Event: 439.701 Thread 0x00000000215f6800 Exception <a 'java/lang/NoSuchMethodError': <clinit>> (0x00000000f7edf7b8) thrown at [C:\src\AOSP-openjdk-git\hotspot\src\share\vm\prims\jni.cpp, line 1615]
Event: 439.840 Thread 0x0000000020879800 Exception <a 'java/io/IOException'> (0x00000000f9637e88) thrown at [C:\src\AOSP-openjdk-git\hotspot\src\share\vm\prims\jni.cpp, line 710]
Event: 439.840 Thread 0x000000002087c800 Exception <a 'java/io/IOException'> (0x00000000f91da818) thrown at [C:\src\AOSP-openjdk-git\hotspot\src\share\vm\prims\jni.cpp, line 710]
Event: 439.842 Thread 0x000000002087c000 Exception <a 'java/io/IOException'> (0x00000000f8d7f6f8) thrown at [C:\src\AOSP-openjdk-git\hotspot\src\share\vm\prims\jni.cpp, line 710]
Event: 439.850 Thread 0x000000002087d800 Exception <a 'java/io/IOException'> (0x00000000f9809400) thrown at [C:\src\AOSP-openjdk-git\hotspot\src\share\vm\prims\jni.cpp, line 710]

Events (10 events):
Event: 439.848 Executing VM operation: RevokeBias
Event: 439.849 Executing VM operation: RevokeBias done
Event: 439.849 Executing VM operation: RevokeBias
Event: 439.850 Executing VM operation: RevokeBias done
Event: 439.850 Thread 0x0000000029d85800 Thread exited: 0x0000000029d85800
Event: 439.850 Thread 0x0000000029d80000 Thread exited: 0x0000000029d80000
Event: 439.855 Thread 0x000000001a320000 flushing nmethod 0x0000000003877410
Event: 439.855 Thread 0x000000001a320000 flushing nmethod 0x0000000003878e10
Event: 439.855 Thread 0x000000001a320000 flushing nmethod 0x0000000003879550
Event: 439.855 Thread 0x000000001a320000 flushing nmethod 0x000000000387bf50


Dynamic libraries:
0x00007ff66b0e0000 - 0x00007ff66b111000 	E:\Program Files\Android\Android Studio\jre\bin\java.exe
0x00007fff9f500000 - 0x00007fff9f6f0000 	C:\WINDOWS\SYSTEM32\ntdll.dll
0x00007fff9de00000 - 0x00007fff9deb2000 	C:\WINDOWS\System32\KERNEL32.DLL
0x00007fff9cf10000 - 0x00007fff9d1b4000 	C:\WINDOWS\System32\KERNELBASE.dll
0x00007fff9f410000 - 0x00007fff9f4b3000 	C:\WINDOWS\System32\ADVAPI32.dll
0x00007fff9ded0000 - 0x00007fff9df6e000 	C:\WINDOWS\System32\msvcrt.dll
0x00007fff9ef10000 - 0x00007fff9efa7000 	C:\WINDOWS\System32\sechost.dll
0x00007fff9f2f0000 - 0x00007fff9f410000 	C:\WINDOWS\System32\RPCRT4.dll
0x00007fff9e3e0000 - 0x00007fff9e575000 	C:\WINDOWS\System32\USER32.dll
0x00007fff9cee0000 - 0x00007fff9cf01000 	C:\WINDOWS\System32\win32u.dll
0x00007fff9eee0000 - 0x00007fff9ef06000 	C:\WINDOWS\System32\GDI32.dll
0x00007fff9d410000 - 0x00007fff9d5a6000 	C:\WINDOWS\System32\gdi32full.dll
0x00007fff9c630000 - 0x00007fff9c6ce000 	C:\WINDOWS\System32\msvcp_win.dll
0x00007fff9d310000 - 0x00007fff9d40a000 	C:\WINDOWS\System32\ucrtbase.dll
0x00007fff8fa30000 - 0x00007fff8fcb4000 	C:\WINDOWS\WinSxS\amd64_microsoft.windows.common-controls_6595b64144ccf1df_6.0.18362.1016_none_9e7a36bbe461dae4\COMCTL32.dll
0x00007fff9efb0000 - 0x00007fff9f2e5000 	C:\WINDOWS\System32\combase.dll
0x00007fff9d270000 - 0x00007fff9d2f0000 	C:\WINDOWS\System32\bcryptPrimitives.dll
0x00007fff9e120000 - 0x00007fff9e14e000 	C:\WINDOWS\System32\IMM32.DLL
0x0000000070080000 - 0x0000000070152000 	E:\Program Files\Android\Android Studio\jre\jre\bin\msvcr100.dll
0x000000006e710000 - 0x000000006ef5b000 	E:\Program Files\Android\Android Studio\jre\jre\bin\server\jvm.dll
0x00007fff9dd00000 - 0x00007fff9dd08000 	C:\WINDOWS\System32\PSAPI.DLL
0x00007fff98770000 - 0x00007fff98779000 	C:\WINDOWS\SYSTEM32\WSOCK32.dll
0x00007fff96ac0000 - 0x00007fff96aca000 	C:\WINDOWS\SYSTEM32\VERSION.dll
0x00007fff93790000 - 0x00007fff937b4000 	C:\WINDOWS\SYSTEM32\WINMM.dll
0x00007fff9e6b0000 - 0x00007fff9e71f000 	C:\WINDOWS\System32\WS2_32.dll
0x00007fff93760000 - 0x00007fff9378d000 	C:\WINDOWS\SYSTEM32\winmmbase.dll
0x00007fff9c6d0000 - 0x00007fff9c71a000 	C:\WINDOWS\System32\cfgmgr32.dll
0x00007fff98760000 - 0x00007fff9876f000 	E:\Program Files\Android\Android Studio\jre\jre\bin\verify.dll
0x00007fff95a40000 - 0x00007fff95a69000 	E:\Program Files\Android\Android Studio\jre\jre\bin\java.dll
0x00007fff95a20000 - 0x00007fff95a36000 	E:\Program Files\Android\Android Studio\jre\jre\bin\zip.dll
0x00007fff9d5b0000 - 0x00007fff9dc97000 	C:\WINDOWS\System32\SHELL32.dll
0x00007fff9e1d0000 - 0x00007fff9e279000 	C:\WINDOWS\System32\shcore.dll
0x00007fff9c750000 - 0x00007fff9ced2000 	C:\WINDOWS\System32\windows.storage.dll
0x00007fff9c450000 - 0x00007fff9c473000 	C:\WINDOWS\System32\profapi.dll
0x00007fff9c3c0000 - 0x00007fff9c40a000 	C:\WINDOWS\System32\powrprof.dll
0x00007fff9c3b0000 - 0x00007fff9c3c0000 	C:\WINDOWS\System32\UMPDC.dll
0x00007fff9e650000 - 0x00007fff9e6a2000 	C:\WINDOWS\System32\shlwapi.dll
0x00007fff9c430000 - 0x00007fff9c441000 	C:\WINDOWS\System32\kernel.appcore.dll
0x00007fff9d2f0000 - 0x00007fff9d307000 	C:\WINDOWS\System32\cryptsp.dll
0x00007fff95a00000 - 0x00007fff95a1a000 	E:\Program Files\Android\Android Studio\jre\jre\bin\net.dll
0x00007fff7d540000 - 0x00007fff7d5d5000 	C:\WINDOWS\system32\DolphinQLSP.dll
0x00007fff9c4e0000 - 0x00007fff9c629000 	C:\WINDOWS\System32\CRYPT32.dll
0x00007fff9c410000 - 0x00007fff9c422000 	C:\WINDOWS\System32\MSASN1.dll
0x00007fff9bc10000 - 0x00007fff9bc77000 	C:\WINDOWS\SYSTEM32\MSWSOCK.dll
0x00007fff9b8c0000 - 0x00007fff9b8fa000 	C:\WINDOWS\SYSTEM32\IPHLPAPI.DLL
0x00007fff9c2a0000 - 0x00007fff9c2cf000 	C:\WINDOWS\SYSTEM32\SspiCli.dll
0x00007fff93ce0000 - 0x00007fff93cea000 	C:\WINDOWS\system32\wshqos.dll
0x00007fff93cd0000 - 0x00007fff93cd8000 	C:\WINDOWS\SYSTEM32\wshtcpip.DLL
0x00007fff93cc0000 - 0x00007fff93cc8000 	C:\WINDOWS\SYSTEM32\wship6.dll
0x00007fff959e0000 - 0x00007fff959f3000 	E:\Program Files\Android\Android Studio\jre\jre\bin\nio.dll
0x00007fff97240000 - 0x00007fff97266000 	C:\Users\Arnold\.gradle\native\31\windows-amd64\native-platform.dll
0x00007fff98750000 - 0x00007fff9875d000 	E:\Program Files\Android\Android Studio\jre\jre\bin\management.dll
0x00007fff9b720000 - 0x00007fff9b753000 	C:\WINDOWS\system32\rsaenh.dll
0x00007fff9c720000 - 0x00007fff9c746000 	C:\WINDOWS\System32\bcrypt.dll
0x00007fff9c2d0000 - 0x00007fff9c2f5000 	C:\WINDOWS\SYSTEM32\USERENV.dll
0x00007fff9bde0000 - 0x00007fff9bdec000 	C:\WINDOWS\SYSTEM32\CRYPTBASE.dll
0x00007fff9dec0000 - 0x00007fff9dec8000 	C:\WINDOWS\System32\NSI.dll
0x00007fff94190000 - 0x00007fff941a6000 	C:\WINDOWS\SYSTEM32\dhcpcsvc6.DLL
0x00007fff94170000 - 0x00007fff9418c000 	C:\WINDOWS\SYSTEM32\dhcpcsvc.DLL
0x00007fff9b960000 - 0x00007fff9ba2b000 	C:\WINDOWS\SYSTEM32\DNSAPI.dll
0x00007fff95440000 - 0x00007fff95464000 	E:\Program Files\Android\Android Studio\jre\jre\bin\sunec.dll
0x00000000707a0000 - 0x00000000707c6000 	C:\Program Files\Bonjour\mdnsNSP.dll
0x00007fff95010000 - 0x00007fff9501a000 	C:\Windows\System32\rasadhlp.dll
0x00007fff93bd0000 - 0x00007fff93c47000 	C:\WINDOWS\System32\fwpuclnt.dll
0x00007fff959b0000 - 0x00007fff959bb000 	E:\Program Files\Android\Android Studio\jre\jre\bin\sunmscapi.dll
0x00007fff9b3e0000 - 0x00007fff9b411000 	C:\WINDOWS\SYSTEM32\ntmarta.dll
0x00007fff9a280000 - 0x00007fff9a30f000 	C:\WINDOWS\system32\apphelp.dll

VM Arguments:
jvm_args: -Xmx2048m -Dfile.encoding=GBK -Duser.country=CN -Duser.language=zh -Duser.variant 
java_command: org.gradle.launcher.daemon.bootstrap.GradleDaemon 6.1.1
java_class_path (initial): C:\Users\Arnold\.gradle\wrapper\dists\gradle-6.1.1-all\cfmwm155h49vnt3hynmlrsdst\gradle-6.1.1\lib\gradle-launcher-6.1.1.jar
Launcher Type: SUN_STANDARD

Environment Variables:
JAVA_HOME=C:\Program Files\Java\jdk-13.0.2
CLASSPATH=.;C:\Program Files\Java\jdk-13.0.2\lib\dt.jar;C:\Program Files\Java\jdk-13.0.2\lib\tools.jar;
USERNAME=Arnold
OS=Windows_NT
PROCESSOR_IDENTIFIER=Intel64 Family 6 Model 158 Stepping 10, GenuineIntel



---------------  S Y S T E M  ---------------

OS: Windows 10.0 , 64 bit Build 18362 (10.0.18362.959)

CPU:total 8 (initial active 8) (4 cores per cpu, 2 threads per core) family 6 model 158 stepping 10, cmov, cx8, fxsr, mmx, sse, sse2, sse3, ssse3, sse4.1, sse4.2, popcnt, avx, avx2, aes, clmul, erms, 3dnowpref, lzcnt, ht, tsc, tscinvbit, bmi1, bmi2, adx

Memory: 4k page, physical 8259892k(373976k free), swap 14133052k(7428k free)

vm_info: OpenJDK 64-Bit Server VM (25.242-b01) for windows-amd64 JRE (1.8.0_242-release-1644-b01), built by "builder" with MS VC++ 10.0 (VS2010)

time: Sat Sep 05 20:53:30 2020
timezone: 中国标准时间
elapsed time: 440 seconds (0d 0h 7m 20s)

